[0.011s] Invoking command in '/home/add/Projects/ROS2/test3/src/cpp_pubsub/build/cpp_pubsub': CMAKE_PREFIX_PATH=/opt/ros/foxy /usr/bin/cmake /home/add/Projects/ROS2/test3/src/cpp_pubsub -DCMAKE_INSTALL_PREFIX=/home/add/Projects/ROS2/test3/src/cpp_pubsub/install/cpp_pubsub
[0.141s] -- The C compiler identification is GNU 9.4.0
[0.334s] -- The CXX compiler identification is GNU 9.4.0
[0.434s] -- Check for working C compiler: /usr/bin/cc
[0.539s] -- Check for working C compiler: /usr/bin/cc -- works
[0.540s] -- Detecting C compiler ABI info
[0.648s] -- Detecting C compiler ABI info - done
[0.656s] -- Detecting C compile features
[0.656s] -- Detecting C compile features - done
[0.657s] -- Check for working CXX compiler: /usr/bin/c++
[0.771s] -- Check for working CXX compiler: /usr/bin/c++ -- works
[0.771s] -- Detecting CXX compiler ABI info
[0.886s] -- Detecting CXX compiler ABI info - done
[0.894s] -- Detecting CXX compile features
[0.895s] -- Detecting CXX compile features - done
[0.896s] -- Found ament_cmake: 0.9.11 (/opt/ros/foxy/share/ament_cmake/cmake)
[0.911s] -- Found PythonInterp: /usr/bin/python3 (found suitable version "3.8.10", minimum required is "3") 
[0.911s] -- Using PYTHON_EXECUTABLE: /usr/bin/python3
[1.044s] -- Found rclcpp: 2.4.2 (/opt/ros/foxy/share/rclcpp/cmake)
[1.163s] -- Using all available rosidl_typesupport_c: rosidl_typesupport_fastrtps_c;rosidl_typesupport_introspection_c
[1.166s] -- Found rosidl_adapter: 1.3.0 (/opt/ros/foxy/share/rosidl_adapter/cmake)
[1.994s] -- Found OpenSSL: /usr/lib/x86_64-linux-gnu/libcrypto.so (found version "1.1.1f")  
[2.855s] -- Found FastRTPS: /opt/ros/foxy/include  
[4.388s] -- Using all available rosidl_typesupport_cpp: rosidl_typesupport_fastrtps_cpp;rosidl_typesupport_introspection_cpp
[4.426s] -- Found rmw_implementation_cmake: 1.0.3 (/opt/ros/foxy/share/rmw_implementation_cmake/cmake)
[4.427s] -- Using RMW implementation 'rmw_fastrtps_cpp' as default
[4.428s] -- Looking for pthread.h
[4.536s] -- Looking for pthread.h - found
[4.536s] -- Performing Test CMAKE_HAVE_LIBC_PTHREAD
[4.646s] -- Performing Test CMAKE_HAVE_LIBC_PTHREAD - Failed
[4.647s] -- Looking for pthread_create in pthreads
[4.748s] -- Looking for pthread_create in pthreads - not found
[4.749s] -- Looking for pthread_create in pthread
[4.857s] -- Looking for pthread_create in pthread - found
[4.858s] -- Found Threads: TRUE  
[4.962s] -- Found ament_lint_auto: 0.9.7 (/opt/ros/foxy/share/ament_lint_auto/cmake)
[5.009s] -- Added test 'copyright' to check source files copyright and LICENSE
[5.011s] -- Added test 'cppcheck' to perform static code analysis on C / C++ code
[5.011s] -- Configured cppcheck include dirs: 
[5.011s] -- Configured cppcheck exclude dirs and/or files: 
[5.013s] -- Added test 'cpplint' to check C / C++ code against the Google style
[5.013s] -- Configured cpplint exclude dirs and/or files: 
[5.014s] -- Added test 'lint_cmake' to check CMake code style
[5.016s] -- Added test 'uncrustify' to check C / C++ code style
[5.016s] -- Configured uncrustify additional arguments: 
[5.017s] -- Added test 'xmllint' to check XML markup files
[5.018s] -- Configuring done
[5.025s] -- Generating done
[5.026s] -- Build files have been written to: /home/add/Projects/ROS2/test3/src/cpp_pubsub/build/cpp_pubsub
[5.032s] Invoked command in '/home/add/Projects/ROS2/test3/src/cpp_pubsub/build/cpp_pubsub' returned '0': CMAKE_PREFIX_PATH=/opt/ros/foxy /usr/bin/cmake /home/add/Projects/ROS2/test3/src/cpp_pubsub -DCMAKE_INSTALL_PREFIX=/home/add/Projects/ROS2/test3/src/cpp_pubsub/install/cpp_pubsub
[5.034s] Invoking command in '/home/add/Projects/ROS2/test3/src/cpp_pubsub/build/cpp_pubsub': CMAKE_PREFIX_PATH=/opt/ros/foxy /usr/bin/cmake --build /home/add/Projects/ROS2/test3/src/cpp_pubsub/build/cpp_pubsub -- -j20 -l20
[5.057s] [35m[1mScanning dependencies of target talker[0m
[5.057s] [35m[1mScanning dependencies of target listener[0m
[5.077s] [ 50%] [32mBuilding CXX object CMakeFiles/talker.dir/src/publisher_member_function.cpp.o[0m
[5.077s] [ 50%] [32mBuilding CXX object CMakeFiles/listener.dir/src/subscriber_member_function.cpp.o[0m
[7.234s] [ 75%] [32m[1mLinking CXX executable talker[0m
[7.391s] [ 75%] Built target talker
[8.432s] [100%] [32m[1mLinking CXX executable listener[0m
[8.629s] [100%] Built target listener
[8.636s] Invoked command in '/home/add/Projects/ROS2/test3/src/cpp_pubsub/build/cpp_pubsub' returned '0': CMAKE_PREFIX_PATH=/opt/ros/foxy /usr/bin/cmake --build /home/add/Projects/ROS2/test3/src/cpp_pubsub/build/cpp_pubsub -- -j20 -l20
[8.659s] Invoking command in '/home/add/Projects/ROS2/test3/src/cpp_pubsub/build/cpp_pubsub': CMAKE_PREFIX_PATH=/opt/ros/foxy /usr/bin/cmake --install /home/add/Projects/ROS2/test3/src/cpp_pubsub/build/cpp_pubsub
[8.664s] -- Install configuration: ""
[8.664s] -- Installing: /home/add/Projects/ROS2/test3/src/cpp_pubsub/install/cpp_pubsub/lib/cpp_pubsub/talker
[8.665s] -- Set runtime path of "/home/add/Projects/ROS2/test3/src/cpp_pubsub/install/cpp_pubsub/lib/cpp_pubsub/talker" to ""
[8.665s] -- Installing: /home/add/Projects/ROS2/test3/src/cpp_pubsub/install/cpp_pubsub/lib/cpp_pubsub/listener
[8.666s] -- Set runtime path of "/home/add/Projects/ROS2/test3/src/cpp_pubsub/install/cpp_pubsub/lib/cpp_pubsub/listener" to ""
[8.666s] -- Installing: /home/add/Projects/ROS2/test3/src/cpp_pubsub/install/cpp_pubsub/share/ament_index/resource_index/package_run_dependencies/cpp_pubsub
[8.666s] -- Installing: /home/add/Projects/ROS2/test3/src/cpp_pubsub/install/cpp_pubsub/share/ament_index/resource_index/parent_prefix_path/cpp_pubsub
[8.666s] -- Installing: /home/add/Projects/ROS2/test3/src/cpp_pubsub/install/cpp_pubsub/share/cpp_pubsub/environment/ament_prefix_path.sh
[8.666s] -- Installing: /home/add/Projects/ROS2/test3/src/cpp_pubsub/install/cpp_pubsub/share/cpp_pubsub/environment/ament_prefix_path.dsv
[8.667s] -- Installing: /home/add/Projects/ROS2/test3/src/cpp_pubsub/install/cpp_pubsub/share/cpp_pubsub/environment/path.sh
[8.667s] -- Installing: /home/add/Projects/ROS2/test3/src/cpp_pubsub/install/cpp_pubsub/share/cpp_pubsub/environment/path.dsv
[8.667s] -- Installing: /home/add/Projects/ROS2/test3/src/cpp_pubsub/install/cpp_pubsub/share/cpp_pubsub/local_setup.bash
[8.667s] -- Installing: /home/add/Projects/ROS2/test3/src/cpp_pubsub/install/cpp_pubsub/share/cpp_pubsub/local_setup.sh
[8.667s] -- Installing: /home/add/Projects/ROS2/test3/src/cpp_pubsub/install/cpp_pubsub/share/cpp_pubsub/local_setup.zsh
[8.667s] -- Installing: /home/add/Projects/ROS2/test3/src/cpp_pubsub/install/cpp_pubsub/share/cpp_pubsub/local_setup.dsv
[8.667s] -- Installing: /home/add/Projects/ROS2/test3/src/cpp_pubsub/install/cpp_pubsub/share/cpp_pubsub/package.dsv
[8.667s] -- Installing: /home/add/Projects/ROS2/test3/src/cpp_pubsub/install/cpp_pubsub/share/ament_index/resource_index/packages/cpp_pubsub
[8.667s] -- Installing: /home/add/Projects/ROS2/test3/src/cpp_pubsub/install/cpp_pubsub/share/cpp_pubsub/cmake/cpp_pubsubConfig.cmake
[8.667s] -- Installing: /home/add/Projects/ROS2/test3/src/cpp_pubsub/install/cpp_pubsub/share/cpp_pubsub/cmake/cpp_pubsubConfig-version.cmake
[8.667s] -- Installing: /home/add/Projects/ROS2/test3/src/cpp_pubsub/install/cpp_pubsub/share/cpp_pubsub/package.xml
[8.669s] Invoked command in '/home/add/Projects/ROS2/test3/src/cpp_pubsub/build/cpp_pubsub' returned '0': CMAKE_PREFIX_PATH=/opt/ros/foxy /usr/bin/cmake --install /home/add/Projects/ROS2/test3/src/cpp_pubsub/build/cpp_pubsub
