[0.010s] Invoking command in '/home/add/Projects/ROS2/test3/build/cpp_srvcli': CMAKE_PREFIX_PATH=/opt/ros/foxy /usr/bin/cmake --build /home/add/Projects/ROS2/test3/build/cpp_srvcli -- -j20 -l20
[0.026s] -- Found ament_cmake: 0.9.11 (/opt/ros/foxy/share/ament_cmake/cmake)
[0.040s] -- Using PYTHON_EXECUTABLE: /usr/bin/python3
[0.161s] -- Found rclcpp: 2.4.2 (/opt/ros/foxy/share/rclcpp/cmake)
[0.279s] -- Using all available rosidl_typesupport_c: rosidl_typesupport_fastrtps_c;rosidl_typesupport_introspection_c
[0.281s] -- Found rosidl_adapter: 1.3.0 (/opt/ros/foxy/share/rosidl_adapter/cmake)
[3.381s] -- Using all available rosidl_typesupport_cpp: rosidl_typesupport_fastrtps_cpp;rosidl_typesupport_introspection_cpp
[3.415s] -- Found rmw_implementation_cmake: 1.0.3 (/opt/ros/foxy/share/rmw_implementation_cmake/cmake)
[3.416s] -- Using RMW implementation 'rmw_fastrtps_cpp' as default
[3.514s] -- Found example_interfaces: 0.9.1 (/opt/ros/foxy/share/example_interfaces/cmake)
[3.588s] -- Found ament_lint_auto: 0.9.7 (/opt/ros/foxy/share/ament_lint_auto/cmake)
[3.630s] -- Added test 'copyright' to check source files copyright and LICENSE
[3.634s] -- Added test 'cppcheck' to perform static code analysis on C / C++ code
[3.634s] -- Configured cppcheck include dirs: 
[3.634s] -- Configured cppcheck exclude dirs and/or files: 
[3.637s] -- Added test 'cpplint' to check C / C++ code against the Google style
[3.637s] -- Configured cpplint exclude dirs and/or files: 
[3.638s] -- Added test 'flake8' to check Python code syntax and style conventions
[3.639s] -- Added test 'lint_cmake' to check CMake code style
[3.640s] -- Added test 'pep257' to check Python code against some of the style conventions in PEP 257
[3.643s] -- Added test 'uncrustify' to check C / C++ code style
[3.643s] -- Configured uncrustify additional arguments: 
[3.644s] -- Added test 'xmllint' to check XML markup files
[3.645s] -- Configuring done
[3.653s] -- Generating done
[3.654s] -- Build files have been written to: /home/add/Projects/ROS2/test3/build/cpp_srvcli
[3.670s] [35m[1mScanning dependencies of target server[0m
[3.670s] [35m[1mScanning dependencies of target client[0m
[3.684s] [ 25%] [32mBuilding CXX object CMakeFiles/client.dir/src/add_two_ints_client.cpp.o[0m
[3.688s] [ 50%] [32mBuilding CXX object CMakeFiles/server.dir/src/add_two_ints_server.cpp.o[0m
[5.140s] [ 75%] [32m[1mLinking CXX executable server[0m
[5.283s] [ 75%] Built target server
[5.331s] [100%] [32m[1mLinking CXX executable client[0m
[5.481s] [100%] Built target client
[5.488s] Invoked command in '/home/add/Projects/ROS2/test3/build/cpp_srvcli' returned '0': CMAKE_PREFIX_PATH=/opt/ros/foxy /usr/bin/cmake --build /home/add/Projects/ROS2/test3/build/cpp_srvcli -- -j20 -l20
[5.511s] Invoking command in '/home/add/Projects/ROS2/test3/build/cpp_srvcli': CMAKE_PREFIX_PATH=/opt/ros/foxy /usr/bin/cmake --install /home/add/Projects/ROS2/test3/build/cpp_srvcli
[5.515s] -- Install configuration: ""
[5.515s] -- Installing: /home/add/Projects/ROS2/test3/install/cpp_srvcli/lib/cpp_srvcli/server
[5.516s] -- Set runtime path of "/home/add/Projects/ROS2/test3/install/cpp_srvcli/lib/cpp_srvcli/server" to ""
[5.516s] -- Installing: /home/add/Projects/ROS2/test3/install/cpp_srvcli/lib/cpp_srvcli/client
[5.516s] -- Set runtime path of "/home/add/Projects/ROS2/test3/install/cpp_srvcli/lib/cpp_srvcli/client" to ""
[5.516s] -- Installing: /home/add/Projects/ROS2/test3/install/cpp_srvcli/share/ament_index/resource_index/package_run_dependencies/cpp_srvcli
[5.516s] -- Installing: /home/add/Projects/ROS2/test3/install/cpp_srvcli/share/ament_index/resource_index/parent_prefix_path/cpp_srvcli
[5.517s] -- Installing: /home/add/Projects/ROS2/test3/install/cpp_srvcli/share/cpp_srvcli/environment/ament_prefix_path.sh
[5.517s] -- Installing: /home/add/Projects/ROS2/test3/install/cpp_srvcli/share/cpp_srvcli/environment/ament_prefix_path.dsv
[5.517s] -- Installing: /home/add/Projects/ROS2/test3/install/cpp_srvcli/share/cpp_srvcli/environment/path.sh
[5.517s] -- Installing: /home/add/Projects/ROS2/test3/install/cpp_srvcli/share/cpp_srvcli/environment/path.dsv
[5.517s] -- Installing: /home/add/Projects/ROS2/test3/install/cpp_srvcli/share/cpp_srvcli/local_setup.bash
[5.517s] -- Installing: /home/add/Projects/ROS2/test3/install/cpp_srvcli/share/cpp_srvcli/local_setup.sh
[5.517s] -- Installing: /home/add/Projects/ROS2/test3/install/cpp_srvcli/share/cpp_srvcli/local_setup.zsh
[5.517s] -- Installing: /home/add/Projects/ROS2/test3/install/cpp_srvcli/share/cpp_srvcli/local_setup.dsv
[5.517s] -- Installing: /home/add/Projects/ROS2/test3/install/cpp_srvcli/share/cpp_srvcli/package.dsv
[5.517s] -- Installing: /home/add/Projects/ROS2/test3/install/cpp_srvcli/share/ament_index/resource_index/packages/cpp_srvcli
[5.518s] -- Installing: /home/add/Projects/ROS2/test3/install/cpp_srvcli/share/cpp_srvcli/cmake/cpp_srvcliConfig.cmake
[5.518s] -- Installing: /home/add/Projects/ROS2/test3/install/cpp_srvcli/share/cpp_srvcli/cmake/cpp_srvcliConfig-version.cmake
[5.518s] -- Installing: /home/add/Projects/ROS2/test3/install/cpp_srvcli/share/cpp_srvcli/package.xml
[5.520s] Invoked command in '/home/add/Projects/ROS2/test3/build/cpp_srvcli' returned '0': CMAKE_PREFIX_PATH=/opt/ros/foxy /usr/bin/cmake --install /home/add/Projects/ROS2/test3/build/cpp_srvcli
