[0.009s] Invoking command in '/home/add/Projects/ROS2/test3/src/cpp_srvcli/build/cpp_srvcli': CMAKE_PREFIX_PATH=/opt/ros/foxy /usr/bin/cmake /home/add/Projects/ROS2/test3/src/cpp_srvcli -DCMAKE_INSTALL_PREFIX=/home/add/Projects/ROS2/test3/src/cpp_srvcli/install/cpp_srvcli
[0.140s] -- The C compiler identification is GNU 9.4.0
[0.330s] -- The CXX compiler identification is GNU 9.4.0
[0.429s] -- Check for working C compiler: /usr/bin/cc
[0.533s] -- Check for working C compiler: /usr/bin/cc -- works
[0.533s] -- Detecting C compiler ABI info
[0.641s] -- Detecting C compiler ABI info - done
[0.649s] -- Detecting C compile features
[0.649s] -- Detecting C compile features - done
[0.651s] -- Check for working CXX compiler: /usr/bin/c++
[0.765s] -- Check for working CXX compiler: /usr/bin/c++ -- works
[0.766s] -- Detecting CXX compiler ABI info
[0.880s] -- Detecting CXX compiler ABI info - done
[0.889s] -- Detecting CXX compile features
[0.889s] -- Detecting CXX compile features - done
[0.890s] -- Found ament_cmake: 0.9.11 (/opt/ros/foxy/share/ament_cmake/cmake)
[0.905s] -- Found PythonInterp: /usr/bin/python3 (found suitable version "3.8.10", minimum required is "3") 
[0.905s] -- Using PYTHON_EXECUTABLE: /usr/bin/python3
[1.032s] -- Found rclcpp: 2.4.2 (/opt/ros/foxy/share/rclcpp/cmake)
[1.152s] -- Using all available rosidl_typesupport_c: rosidl_typesupport_fastrtps_c;rosidl_typesupport_introspection_c
[1.155s] -- Found rosidl_adapter: 1.3.0 (/opt/ros/foxy/share/rosidl_adapter/cmake)
[1.977s] -- Found OpenSSL: /usr/lib/x86_64-linux-gnu/libcrypto.so (found version "1.1.1f")  
[2.850s] -- Found FastRTPS: /opt/ros/foxy/include  
[4.380s] -- Using all available rosidl_typesupport_cpp: rosidl_typesupport_fastrtps_cpp;rosidl_typesupport_introspection_cpp
[4.418s] -- Found rmw_implementation_cmake: 1.0.3 (/opt/ros/foxy/share/rmw_implementation_cmake/cmake)
[4.419s] -- Using RMW implementation 'rmw_fastrtps_cpp' as default
[4.419s] -- Looking for pthread.h
[4.515s] -- Looking for pthread.h - found
[4.515s] -- Performing Test CMAKE_HAVE_LIBC_PTHREAD
[4.623s] -- Performing Test CMAKE_HAVE_LIBC_PTHREAD - Failed
[4.623s] -- Looking for pthread_create in pthreads
[4.722s] -- Looking for pthread_create in pthreads - not found
[4.722s] -- Looking for pthread_create in pthread
[4.833s] -- Looking for pthread_create in pthread - found
[4.833s] -- Found Threads: TRUE  
[4.939s] -- Found example_interfaces: 0.9.1 (/opt/ros/foxy/share/example_interfaces/cmake)
[5.016s] -- Found ament_lint_auto: 0.9.7 (/opt/ros/foxy/share/ament_lint_auto/cmake)
[5.065s] -- Added test 'copyright' to check source files copyright and LICENSE
[5.066s] -- Added test 'cppcheck' to perform static code analysis on C / C++ code
[5.067s] -- Configured cppcheck include dirs: 
[5.067s] -- Configured cppcheck exclude dirs and/or files: 
[5.068s] -- Added test 'cpplint' to check C / C++ code against the Google style
[5.069s] -- Configured cpplint exclude dirs and/or files: 
[5.069s] -- Added test 'lint_cmake' to check CMake code style
[5.071s] -- Added test 'uncrustify' to check C / C++ code style
[5.072s] -- Configured uncrustify additional arguments: 
[5.072s] -- Added test 'xmllint' to check XML markup files
[5.074s] -- Configuring done
[5.082s] -- Generating done
[5.083s] -- Build files have been written to: /home/add/Projects/ROS2/test3/src/cpp_srvcli/build/cpp_srvcli
[5.089s] Invoked command in '/home/add/Projects/ROS2/test3/src/cpp_srvcli/build/cpp_srvcli' returned '0': CMAKE_PREFIX_PATH=/opt/ros/foxy /usr/bin/cmake /home/add/Projects/ROS2/test3/src/cpp_srvcli -DCMAKE_INSTALL_PREFIX=/home/add/Projects/ROS2/test3/src/cpp_srvcli/install/cpp_srvcli
[5.091s] Invoking command in '/home/add/Projects/ROS2/test3/src/cpp_srvcli/build/cpp_srvcli': CMAKE_PREFIX_PATH=/opt/ros/foxy /usr/bin/cmake --build /home/add/Projects/ROS2/test3/src/cpp_srvcli/build/cpp_srvcli -- -j20 -l20
[5.116s] [35m[1mScanning dependencies of target server[0m
[5.117s] [35m[1mScanning dependencies of target client[0m
[5.122s] [ 25%] [32mBuilding CXX object CMakeFiles/server.dir/src/add_two_ints_server.cpp.o[0m
[5.135s] [ 50%] [32m[1mLinking CXX executable server[0m
[5.141s] [ 75%] [32mBuilding CXX object CMakeFiles/client.dir/src/add_two_ints_client.cpp.o[0m
[5.232s] /usr/bin/ld: /usr/lib/gcc/x86_64-linux-gnu/9/../../../x86_64-linux-gnu/Scrt1.o: in function `_start':
[5.233s] (.text+0x24): undefined reference to `main'
[5.252s] collect2: error: ld returned 1 exit status
[5.253s] make[2]: *** [CMakeFiles/server.dir/build.make:146: server] Error 1
[5.253s] make[1]: *** [CMakeFiles/Makefile2:107: CMakeFiles/server.dir/all] Error 2
[5.253s] make[1]: *** Waiting for unfinished jobs....
[6.778s] [100%] [32m[1mLinking CXX executable client[0m
[6.925s] [100%] Built target client
[6.926s] make: *** [Makefile:141: all] Error 2
[6.927s] Invoked command in '/home/add/Projects/ROS2/test3/src/cpp_srvcli/build/cpp_srvcli' returned '2': CMAKE_PREFIX_PATH=/opt/ros/foxy /usr/bin/cmake --build /home/add/Projects/ROS2/test3/src/cpp_srvcli/build/cpp_srvcli -- -j20 -l20
