[0.172s] DEBUG:colcon:Command line arguments: ['/usr/bin/colcon', 'build', '--packages-select', 'cpp_pubsub']
[0.172s] DEBUG:colcon:Parsed command line arguments: Namespace(allow_overriding=[], ament_cmake_args=None, base_paths=['.'], build_base='build', catkin_cmake_args=None, catkin_skip_building_tests=False, cmake_args=None, cmake_clean_cache=False, cmake_clean_first=False, cmake_force_configure=False, cmake_target=None, cmake_target_skip_unavailable=False, continue_on_error=False, event_handlers=None, executor='parallel', ignore_user_meta=False, install_base='install', log_base=None, log_level=None, main=<bound method BuildVerb.main of <colcon_core.verb.build.BuildVerb object at 0x7fc442db5850>>, merge_install=False, metas=['./colcon.meta'], packages_above=None, packages_above_and_dependencies=None, packages_above_depth=None, packages_end=None, packages_ignore=None, packages_ignore_regex=None, packages_select=['cpp_pubsub'], packages_select_build_failed=False, packages_select_by_dep=None, packages_select_regex=None, packages_select_test_failures=False, packages_skip=None, packages_skip_build_finished=False, packages_skip_by_dep=None, packages_skip_regex=None, packages_skip_test_passed=False, packages_skip_up_to=None, packages_start=None, packages_up_to=None, packages_up_to_regex=None, parallel_workers=20, paths=None, symlink_install=False, test_result_base=None, verb_extension=<colcon_core.verb.build.BuildVerb object at 0x7fc442db5850>, verb_name='build', verb_parser=<colcon_defaults.argument_parser.defaults.DefaultArgumentsDecorator object at 0x7fc442db5dc0>)
[0.188s] Level 1:colcon.colcon_core.package_discovery:discover_packages(colcon_meta) check parameters
[0.188s] Level 1:colcon.colcon_core.package_discovery:discover_packages(recursive) check parameters
[0.188s] Level 1:colcon.colcon_core.package_discovery:discover_packages(ignore) check parameters
[0.188s] Level 1:colcon.colcon_core.package_discovery:discover_packages(path) check parameters
[0.188s] Level 1:colcon.colcon_core.package_discovery:discover_packages(colcon_meta) discover
[0.188s] Level 1:colcon.colcon_core.package_discovery:discover_packages(recursive) discover
[0.188s] INFO:colcon.colcon_core.package_discovery:Crawling recursively for packages in '/home/add/Projects/ROS2/test3/src/cpp_pubsub'
[0.188s] Level 1:colcon.colcon_core.package_identification:_identify(.) by extensions ['ignore', 'ignore_ament_install']
[0.188s] Level 1:colcon.colcon_core.package_identification:_identify(.) by extension 'ignore'
[0.188s] Level 1:colcon.colcon_core.package_identification:_identify(.) by extension 'ignore_ament_install'
[0.188s] Level 1:colcon.colcon_core.package_identification:_identify(.) by extensions ['colcon_pkg']
[0.188s] Level 1:colcon.colcon_core.package_identification:_identify(.) by extension 'colcon_pkg'
[0.188s] Level 1:colcon.colcon_core.package_identification:_identify(.) by extensions ['colcon_meta']
[0.188s] Level 1:colcon.colcon_core.package_identification:_identify(.) by extension 'colcon_meta'
[0.188s] Level 1:colcon.colcon_core.package_identification:_identify(.) by extensions ['ros']
[0.188s] Level 1:colcon.colcon_core.package_identification:_identify(.) by extension 'ros'
[0.197s] DEBUG:colcon.colcon_core.package_identification:Package '.' with type 'ros.ament_cmake' and name 'cpp_pubsub'
[0.197s] Level 1:colcon.colcon_core.package_discovery:discover_packages(recursive) using defaults
[0.197s] Level 1:colcon.colcon_core.package_discovery:discover_packages(ignore) discover
[0.197s] Level 1:colcon.colcon_core.package_discovery:discover_packages(ignore) using defaults
[0.197s] Level 1:colcon.colcon_core.package_discovery:discover_packages(path) discover
[0.197s] Level 1:colcon.colcon_core.package_discovery:discover_packages(path) using defaults
[0.216s] Level 1:colcon.colcon_core.package_discovery:discover_packages(prefix_path) check parameters
[0.216s] Level 1:colcon.colcon_core.package_discovery:discover_packages(prefix_path) discover
[0.218s] DEBUG:colcon.colcon_installed_package_information.package_discovery:Found 256 installed packages in /opt/ros/foxy
[0.219s] Level 1:colcon.colcon_core.package_discovery:discover_packages(prefix_path) using defaults
[0.266s] Level 5:colcon.colcon_core.verb:set package 'cpp_pubsub' build argument 'cmake_args' from command line to 'None'
[0.266s] Level 5:colcon.colcon_core.verb:set package 'cpp_pubsub' build argument 'cmake_target' from command line to 'None'
[0.266s] Level 5:colcon.colcon_core.verb:set package 'cpp_pubsub' build argument 'cmake_target_skip_unavailable' from command line to 'False'
[0.266s] Level 5:colcon.colcon_core.verb:set package 'cpp_pubsub' build argument 'cmake_clean_cache' from command line to 'False'
[0.266s] Level 5:colcon.colcon_core.verb:set package 'cpp_pubsub' build argument 'cmake_clean_first' from command line to 'False'
[0.266s] Level 5:colcon.colcon_core.verb:set package 'cpp_pubsub' build argument 'cmake_force_configure' from command line to 'False'
[0.266s] Level 5:colcon.colcon_core.verb:set package 'cpp_pubsub' build argument 'ament_cmake_args' from command line to 'None'
[0.266s] Level 5:colcon.colcon_core.verb:set package 'cpp_pubsub' build argument 'catkin_cmake_args' from command line to 'None'
[0.266s] Level 5:colcon.colcon_core.verb:set package 'cpp_pubsub' build argument 'catkin_skip_building_tests' from command line to 'False'
[0.266s] DEBUG:colcon.colcon_core.verb:Building package 'cpp_pubsub' with the following arguments: {'ament_cmake_args': None, 'build_base': '/home/add/Projects/ROS2/test3/src/cpp_pubsub/build/cpp_pubsub', 'catkin_cmake_args': None, 'catkin_skip_building_tests': False, 'cmake_args': None, 'cmake_clean_cache': False, 'cmake_clean_first': False, 'cmake_force_configure': False, 'cmake_target': None, 'cmake_target_skip_unavailable': False, 'install_base': '/home/add/Projects/ROS2/test3/src/cpp_pubsub/install/cpp_pubsub', 'merge_install': False, 'path': '/home/add/Projects/ROS2/test3/src/cpp_pubsub', 'symlink_install': False, 'test_result_base': None}
[0.267s] INFO:colcon.colcon_core.executor:Executing jobs using 'parallel' executor
[0.270s] DEBUG:colcon.colcon_parallel_executor.executor.parallel:run_until_complete
[0.270s] INFO:colcon.colcon_ros.task.ament_cmake.build:Building ROS package in '/home/add/Projects/ROS2/test3/src/cpp_pubsub' with build type 'ament_cmake'
[0.270s] INFO:colcon.colcon_cmake.task.cmake.build:Building CMake package in '/home/add/Projects/ROS2/test3/src/cpp_pubsub'
[0.273s] INFO:colcon.colcon_core.plugin_system:Skipping extension 'colcon_core.shell.bat': Not used on non-Windows systems
[0.273s] INFO:colcon.colcon_core.shell:Skip shell extension 'powershell' for command environment: Not usable outside of PowerShell
[0.273s] DEBUG:colcon.colcon_core.shell:Skip shell extension 'dsv' for command environment
[0.282s] DEBUG:colcon.colcon_core.event_handler.log_command:Invoking command in '/home/add/Projects/ROS2/test3/src/cpp_pubsub/build/cpp_pubsub': CMAKE_PREFIX_PATH=/opt/ros/foxy /usr/bin/cmake /home/add/Projects/ROS2/test3/src/cpp_pubsub -DCMAKE_INSTALL_PREFIX=/home/add/Projects/ROS2/test3/src/cpp_pubsub/install/cpp_pubsub
[5.303s] DEBUG:colcon.colcon_core.event_handler.log_command:Invoked command in '/home/add/Projects/ROS2/test3/src/cpp_pubsub/build/cpp_pubsub' returned '0': CMAKE_PREFIX_PATH=/opt/ros/foxy /usr/bin/cmake /home/add/Projects/ROS2/test3/src/cpp_pubsub -DCMAKE_INSTALL_PREFIX=/home/add/Projects/ROS2/test3/src/cpp_pubsub/install/cpp_pubsub
[5.305s] DEBUG:colcon.colcon_core.event_handler.log_command:Invoking command in '/home/add/Projects/ROS2/test3/src/cpp_pubsub/build/cpp_pubsub': CMAKE_PREFIX_PATH=/opt/ros/foxy /usr/bin/cmake --build /home/add/Projects/ROS2/test3/src/cpp_pubsub/build/cpp_pubsub -- -j20 -l20
[8.907s] DEBUG:colcon.colcon_core.event_handler.log_command:Invoked command in '/home/add/Projects/ROS2/test3/src/cpp_pubsub/build/cpp_pubsub' returned '0': CMAKE_PREFIX_PATH=/opt/ros/foxy /usr/bin/cmake --build /home/add/Projects/ROS2/test3/src/cpp_pubsub/build/cpp_pubsub -- -j20 -l20
[8.930s] DEBUG:colcon.colcon_core.event_handler.log_command:Invoking command in '/home/add/Projects/ROS2/test3/src/cpp_pubsub/build/cpp_pubsub': CMAKE_PREFIX_PATH=/opt/ros/foxy /usr/bin/cmake --install /home/add/Projects/ROS2/test3/src/cpp_pubsub/build/cpp_pubsub
[8.939s] Level 1:colcon.colcon_core.environment:create_environment_scripts_only(cpp_pubsub)
[8.940s] DEBUG:colcon.colcon_core.event_handler.log_command:Invoked command in '/home/add/Projects/ROS2/test3/src/cpp_pubsub/build/cpp_pubsub' returned '0': CMAKE_PREFIX_PATH=/opt/ros/foxy /usr/bin/cmake --install /home/add/Projects/ROS2/test3/src/cpp_pubsub/build/cpp_pubsub
[8.943s] Level 1:colcon.colcon_core.environment:checking '/home/add/Projects/ROS2/test3/src/cpp_pubsub/install/cpp_pubsub' for CMake module files
[8.944s] Level 1:colcon.colcon_core.environment:checking '/home/add/Projects/ROS2/test3/src/cpp_pubsub/install/cpp_pubsub' for CMake config files
[8.944s] Level 1:colcon.colcon_core.shell:create_environment_hook('cpp_pubsub', 'cmake_prefix_path')
[8.945s] INFO:colcon.colcon_core.shell:Creating environment hook '/home/add/Projects/ROS2/test3/src/cpp_pubsub/install/cpp_pubsub/share/cpp_pubsub/hook/cmake_prefix_path.ps1'
[8.945s] INFO:colcon.colcon_core.shell:Creating environment descriptor '/home/add/Projects/ROS2/test3/src/cpp_pubsub/install/cpp_pubsub/share/cpp_pubsub/hook/cmake_prefix_path.dsv'
[8.945s] INFO:colcon.colcon_core.shell:Creating environment hook '/home/add/Projects/ROS2/test3/src/cpp_pubsub/install/cpp_pubsub/share/cpp_pubsub/hook/cmake_prefix_path.sh'
[8.946s] Level 1:colcon.colcon_core.environment:checking '/home/add/Projects/ROS2/test3/src/cpp_pubsub/install/cpp_pubsub/lib'
[8.946s] Level 1:colcon.colcon_core.environment:checking '/home/add/Projects/ROS2/test3/src/cpp_pubsub/install/cpp_pubsub/bin'
[8.946s] Level 1:colcon.colcon_core.environment:checking '/home/add/Projects/ROS2/test3/src/cpp_pubsub/install/cpp_pubsub/lib/pkgconfig/cpp_pubsub.pc'
[8.946s] Level 1:colcon.colcon_core.environment:checking '/home/add/Projects/ROS2/test3/src/cpp_pubsub/install/cpp_pubsub/lib/python3.8/site-packages'
[8.947s] Level 1:colcon.colcon_core.environment:checking '/home/add/Projects/ROS2/test3/src/cpp_pubsub/install/cpp_pubsub/bin'
[8.947s] INFO:colcon.colcon_core.shell:Creating package script '/home/add/Projects/ROS2/test3/src/cpp_pubsub/install/cpp_pubsub/share/cpp_pubsub/package.ps1'
[8.948s] INFO:colcon.colcon_core.shell:Creating package descriptor '/home/add/Projects/ROS2/test3/src/cpp_pubsub/install/cpp_pubsub/share/cpp_pubsub/package.dsv'
[8.948s] INFO:colcon.colcon_core.shell:Creating package script '/home/add/Projects/ROS2/test3/src/cpp_pubsub/install/cpp_pubsub/share/cpp_pubsub/package.sh'
[8.949s] INFO:colcon.colcon_core.shell:Creating package script '/home/add/Projects/ROS2/test3/src/cpp_pubsub/install/cpp_pubsub/share/cpp_pubsub/package.bash'
[8.949s] INFO:colcon.colcon_core.shell:Creating package script '/home/add/Projects/ROS2/test3/src/cpp_pubsub/install/cpp_pubsub/share/cpp_pubsub/package.zsh'
[8.949s] Level 1:colcon.colcon_core.environment:create_file_with_runtime_dependencies(/home/add/Projects/ROS2/test3/src/cpp_pubsub/install/cpp_pubsub/share/colcon-core/packages/cpp_pubsub)
[8.966s] Level 1:colcon.colcon_core.environment:create_environment_scripts_only(cpp_pubsub)
[8.968s] Level 1:colcon.colcon_core.environment:checking '/home/add/Projects/ROS2/test3/src/cpp_pubsub/install/cpp_pubsub' for CMake module files
[8.968s] Level 1:colcon.colcon_core.environment:checking '/home/add/Projects/ROS2/test3/src/cpp_pubsub/install/cpp_pubsub' for CMake config files
[8.968s] Level 1:colcon.colcon_core.shell:create_environment_hook('cpp_pubsub', 'cmake_prefix_path')
[8.969s] INFO:colcon.colcon_core.shell:Creating environment hook '/home/add/Projects/ROS2/test3/src/cpp_pubsub/install/cpp_pubsub/share/cpp_pubsub/hook/cmake_prefix_path.ps1'
[8.969s] INFO:colcon.colcon_core.shell:Creating environment descriptor '/home/add/Projects/ROS2/test3/src/cpp_pubsub/install/cpp_pubsub/share/cpp_pubsub/hook/cmake_prefix_path.dsv'
[8.970s] INFO:colcon.colcon_core.shell:Creating environment hook '/home/add/Projects/ROS2/test3/src/cpp_pubsub/install/cpp_pubsub/share/cpp_pubsub/hook/cmake_prefix_path.sh'
[8.970s] Level 1:colcon.colcon_core.environment:checking '/home/add/Projects/ROS2/test3/src/cpp_pubsub/install/cpp_pubsub/lib'
[8.970s] Level 1:colcon.colcon_core.environment:checking '/home/add/Projects/ROS2/test3/src/cpp_pubsub/install/cpp_pubsub/bin'
[8.970s] Level 1:colcon.colcon_core.environment:checking '/home/add/Projects/ROS2/test3/src/cpp_pubsub/install/cpp_pubsub/lib/pkgconfig/cpp_pubsub.pc'
[8.970s] Level 1:colcon.colcon_core.environment:checking '/home/add/Projects/ROS2/test3/src/cpp_pubsub/install/cpp_pubsub/lib/python3.8/site-packages'
[8.970s] Level 1:colcon.colcon_core.environment:checking '/home/add/Projects/ROS2/test3/src/cpp_pubsub/install/cpp_pubsub/bin'
[8.971s] INFO:colcon.colcon_core.shell:Creating package script '/home/add/Projects/ROS2/test3/src/cpp_pubsub/install/cpp_pubsub/share/cpp_pubsub/package.ps1'
[8.972s] INFO:colcon.colcon_core.shell:Creating package descriptor '/home/add/Projects/ROS2/test3/src/cpp_pubsub/install/cpp_pubsub/share/cpp_pubsub/package.dsv'
[8.972s] INFO:colcon.colcon_core.shell:Creating package script '/home/add/Projects/ROS2/test3/src/cpp_pubsub/install/cpp_pubsub/share/cpp_pubsub/package.sh'
[8.972s] INFO:colcon.colcon_core.shell:Creating package script '/home/add/Projects/ROS2/test3/src/cpp_pubsub/install/cpp_pubsub/share/cpp_pubsub/package.bash'
[8.972s] INFO:colcon.colcon_core.shell:Creating package script '/home/add/Projects/ROS2/test3/src/cpp_pubsub/install/cpp_pubsub/share/cpp_pubsub/package.zsh'
[8.973s] Level 1:colcon.colcon_core.environment:create_file_with_runtime_dependencies(/home/add/Projects/ROS2/test3/src/cpp_pubsub/install/cpp_pubsub/share/colcon-core/packages/cpp_pubsub)
[8.973s] DEBUG:colcon.colcon_parallel_executor.executor.parallel:closing loop
[8.973s] DEBUG:colcon.colcon_parallel_executor.executor.parallel:loop closed
[8.973s] DEBUG:colcon.colcon_parallel_executor.executor.parallel:run_until_complete finished with '0'
[8.973s] DEBUG:colcon.colcon_core.event_reactor:joining thread
[9.010s] INFO:colcon.colcon_core.plugin_system:Skipping extension 'colcon_notification.desktop_notification.notify_send': Could not find 'notify-send'
[9.011s] INFO:colcon.colcon_core.plugin_system:Skipping extension 'colcon_notification.desktop_notification.terminal_notifier': Not used on non-Darwin systems
[9.011s] INFO:colcon.colcon_core.plugin_system:Skipping extension 'colcon_notification.desktop_notification.win32': Not used on non-Windows systems
[9.011s] INFO:colcon.colcon_notification.desktop_notification:Sending desktop notification using 'notify2'
[9.011s] DEBUG:colcon.colcon_notification.desktop_notification.notify2:Failed to initialize notify2: org.freedesktop.DBus.Error.NotSupported: Unable to autolaunch a dbus-daemon without a $DISPLAY for X11
[9.011s] DEBUG:colcon.colcon_core.event_reactor:joined thread
[9.012s] INFO:colcon.colcon_core.shell:Creating prefix script '/home/add/Projects/ROS2/test3/src/cpp_pubsub/install/local_setup.ps1'
[9.013s] INFO:colcon.colcon_core.shell:Creating prefix util module '/home/add/Projects/ROS2/test3/src/cpp_pubsub/install/_local_setup_util_ps1.py'
[9.014s] INFO:colcon.colcon_core.shell:Creating prefix chain script '/home/add/Projects/ROS2/test3/src/cpp_pubsub/install/setup.ps1'
[9.015s] INFO:colcon.colcon_core.shell:Creating prefix script '/home/add/Projects/ROS2/test3/src/cpp_pubsub/install/local_setup.sh'
[9.015s] INFO:colcon.colcon_core.shell:Creating prefix util module '/home/add/Projects/ROS2/test3/src/cpp_pubsub/install/_local_setup_util_sh.py'
[9.015s] INFO:colcon.colcon_core.shell:Creating prefix chain script '/home/add/Projects/ROS2/test3/src/cpp_pubsub/install/setup.sh'
[9.016s] INFO:colcon.colcon_core.shell:Creating prefix script '/home/add/Projects/ROS2/test3/src/cpp_pubsub/install/local_setup.bash'
[9.016s] INFO:colcon.colcon_core.shell:Creating prefix chain script '/home/add/Projects/ROS2/test3/src/cpp_pubsub/install/setup.bash'
[9.017s] INFO:colcon.colcon_core.shell:Creating prefix script '/home/add/Projects/ROS2/test3/src/cpp_pubsub/install/local_setup.zsh'
[9.017s] INFO:colcon.colcon_core.shell:Creating prefix chain script '/home/add/Projects/ROS2/test3/src/cpp_pubsub/install/setup.zsh'
