[0.015s] Invoking command in '/home/add/Projects/ROS2/test3/build/cpp_pubsub': CMAKE_PREFIX_PATH=/opt/ros/foxy /usr/bin/cmake /home/add/Projects/ROS2/test3/src/cpp_pubsub -DCMAKE_INSTALL_PREFIX=/home/add/Projects/ROS2/test3/install/cpp_pubsub
[0.342s] -- The C compiler identification is GNU 9.4.0
[0.631s] -- The CXX compiler identification is GNU 9.4.0
[0.741s] -- Check for working C compiler: /usr/bin/cc
[0.860s] -- Check for working C compiler: /usr/bin/cc -- works
[0.861s] -- Detecting C compiler ABI info
[0.970s] -- Detecting C compiler ABI info - done
[0.978s] -- Detecting C compile features
[0.979s] -- Detecting C compile features - done
[0.982s] -- Check for working CXX compiler: /usr/bin/c++
[1.097s] -- Check for working CXX compiler: /usr/bin/c++ -- works
[1.097s] -- Detecting CXX compiler ABI info
[1.222s] -- Detecting CXX compiler ABI info - done
[1.231s] -- Detecting CXX compile features
[1.231s] -- Detecting CXX compile features - done
[1.235s] -- Found ament_cmake: 0.9.11 (/opt/ros/foxy/share/ament_cmake/cmake)
[1.255s] -- Found PythonInterp: /usr/bin/python3 (found suitable version "3.8.10", minimum required is "3") 
[1.255s] -- Using PYTHON_EXECUTABLE: /usr/bin/python3
[1.407s] -- Found rclcpp: 2.4.2 (/opt/ros/foxy/share/rclcpp/cmake)
[1.547s] -- Using all available rosidl_typesupport_c: rosidl_typesupport_fastrtps_c;rosidl_typesupport_introspection_c
[1.554s] -- Found rosidl_adapter: 1.3.0 (/opt/ros/foxy/share/rosidl_adapter/cmake)
[2.444s] -- Found OpenSSL: /usr/lib/x86_64-linux-gnu/libcrypto.so (found version "1.1.1f")  
[3.341s] -- Found FastRTPS: /opt/ros/foxy/include  
[4.973s] -- Using all available rosidl_typesupport_cpp: rosidl_typesupport_fastrtps_cpp;rosidl_typesupport_introspection_cpp
[5.028s] -- Found rmw_implementation_cmake: 1.0.3 (/opt/ros/foxy/share/rmw_implementation_cmake/cmake)
[5.030s] -- Using RMW implementation 'rmw_fastrtps_cpp' as default
[5.032s] -- Looking for pthread.h
[5.151s] -- Looking for pthread.h - found
[5.151s] -- Performing Test CMAKE_HAVE_LIBC_PTHREAD
[5.263s] -- Performing Test CMAKE_HAVE_LIBC_PTHREAD - Failed
[5.263s] -- Looking for pthread_create in pthreads
[5.368s] -- Looking for pthread_create in pthreads - not found
[5.368s] -- Looking for pthread_create in pthread
[5.478s] -- Looking for pthread_create in pthread - found
[5.479s] -- Found Threads: TRUE  
[5.609s] -- Found ament_lint_auto: 0.9.7 (/opt/ros/foxy/share/ament_lint_auto/cmake)
[5.668s] -- Added test 'copyright' to check source files copyright and LICENSE
[5.669s] -- Added test 'cppcheck' to perform static code analysis on C / C++ code
[5.669s] -- Configured cppcheck include dirs: 
[5.669s] -- Configured cppcheck exclude dirs and/or files: 
[5.670s] -- Added test 'cpplint' to check C / C++ code against the Google style
[5.670s] -- Configured cpplint exclude dirs and/or files: 
[5.671s] -- Added test 'lint_cmake' to check CMake code style
[5.672s] -- Added test 'uncrustify' to check C / C++ code style
[5.672s] -- Configured uncrustify additional arguments: 
[5.672s] -- Added test 'xmllint' to check XML markup files
[5.675s] -- Configuring done
[5.676s] -- Generating done
[5.677s] -- Build files have been written to: /home/add/Projects/ROS2/test3/build/cpp_pubsub
[5.682s] Invoked command in '/home/add/Projects/ROS2/test3/build/cpp_pubsub' returned '0': CMAKE_PREFIX_PATH=/opt/ros/foxy /usr/bin/cmake /home/add/Projects/ROS2/test3/src/cpp_pubsub -DCMAKE_INSTALL_PREFIX=/home/add/Projects/ROS2/test3/install/cpp_pubsub
[5.684s] Invoking command in '/home/add/Projects/ROS2/test3/build/cpp_pubsub': CMAKE_PREFIX_PATH=/opt/ros/foxy /usr/bin/cmake --build /home/add/Projects/ROS2/test3/build/cpp_pubsub -- -j20 -l20
[5.710s] Invoked command in '/home/add/Projects/ROS2/test3/build/cpp_pubsub' returned '0': CMAKE_PREFIX_PATH=/opt/ros/foxy /usr/bin/cmake --build /home/add/Projects/ROS2/test3/build/cpp_pubsub -- -j20 -l20
[5.728s] Invoking command in '/home/add/Projects/ROS2/test3/build/cpp_pubsub': CMAKE_PREFIX_PATH=/opt/ros/foxy /usr/bin/cmake --install /home/add/Projects/ROS2/test3/build/cpp_pubsub
[5.733s] -- Install configuration: ""
[5.733s] -- Installing: /home/add/Projects/ROS2/test3/install/cpp_pubsub/share/ament_index/resource_index/package_run_dependencies/cpp_pubsub
[5.733s] -- Installing: /home/add/Projects/ROS2/test3/install/cpp_pubsub/share/ament_index/resource_index/parent_prefix_path/cpp_pubsub
[5.734s] -- Installing: /home/add/Projects/ROS2/test3/install/cpp_pubsub/share/cpp_pubsub/environment/ament_prefix_path.sh
[5.734s] -- Installing: /home/add/Projects/ROS2/test3/install/cpp_pubsub/share/cpp_pubsub/environment/ament_prefix_path.dsv
[5.734s] -- Installing: /home/add/Projects/ROS2/test3/install/cpp_pubsub/share/cpp_pubsub/environment/path.sh
[5.734s] -- Installing: /home/add/Projects/ROS2/test3/install/cpp_pubsub/share/cpp_pubsub/environment/path.dsv
[5.734s] -- Installing: /home/add/Projects/ROS2/test3/install/cpp_pubsub/share/cpp_pubsub/local_setup.bash
[5.735s] -- Installing: /home/add/Projects/ROS2/test3/install/cpp_pubsub/share/cpp_pubsub/local_setup.sh
[5.735s] -- Installing: /home/add/Projects/ROS2/test3/install/cpp_pubsub/share/cpp_pubsub/local_setup.zsh
[5.735s] -- Installing: /home/add/Projects/ROS2/test3/install/cpp_pubsub/share/cpp_pubsub/local_setup.dsv
[5.735s] -- Installing: /home/add/Projects/ROS2/test3/install/cpp_pubsub/share/cpp_pubsub/package.dsv
[5.735s] -- Installing: /home/add/Projects/ROS2/test3/install/cpp_pubsub/share/ament_index/resource_index/packages/cpp_pubsub
[5.735s] -- Installing: /home/add/Projects/ROS2/test3/install/cpp_pubsub/share/cpp_pubsub/cmake/cpp_pubsubConfig.cmake
[5.735s] -- Installing: /home/add/Projects/ROS2/test3/install/cpp_pubsub/share/cpp_pubsub/cmake/cpp_pubsubConfig-version.cmake
[5.735s] -- Installing: /home/add/Projects/ROS2/test3/install/cpp_pubsub/share/cpp_pubsub/package.xml
[5.737s] Invoked command in '/home/add/Projects/ROS2/test3/build/cpp_pubsub' returned '0': CMAKE_PREFIX_PATH=/opt/ros/foxy /usr/bin/cmake --install /home/add/Projects/ROS2/test3/build/cpp_pubsub
