[0.012s] Invoking command in '/home/add/Projects/ROS2/test3/build/cpp_pubsub': CMAKE_PREFIX_PATH=${CMAKE_PREFIX_PATH}:/opt/ros/foxy /usr/bin/cmake --build /home/add/Projects/ROS2/test3/build/cpp_pubsub -- -j20 -l20
[0.026s] -- Found ament_cmake: 0.9.11 (/opt/ros/foxy/share/ament_cmake/cmake)
[0.040s] -- Using PYTHON_EXECUTABLE: /usr/bin/python3
[0.162s] -- Found rclcpp: 2.4.2 (/opt/ros/foxy/share/rclcpp/cmake)
[0.278s] -- Using all available rosidl_typesupport_c: rosidl_typesupport_fastrtps_c;rosidl_typesupport_introspection_c
[0.280s] -- Found rosidl_adapter: 1.3.0 (/opt/ros/foxy/share/rosidl_adapter/cmake)
[3.465s] -- Using all available rosidl_typesupport_cpp: rosidl_typesupport_fastrtps_cpp;rosidl_typesupport_introspection_cpp
[3.499s] -- Found rmw_implementation_cmake: 1.0.3 (/opt/ros/foxy/share/rmw_implementation_cmake/cmake)
[3.500s] -- Using RMW implementation 'rmw_fastrtps_cpp' as default
[3.601s] -- Found ament_lint_auto: 0.9.7 (/opt/ros/foxy/share/ament_lint_auto/cmake)
[3.644s] -- Added test 'copyright' to check source files copyright and LICENSE
[3.645s] -- Added test 'cppcheck' to perform static code analysis on C / C++ code
[3.645s] -- Configured cppcheck include dirs: 
[3.645s] -- Configured cppcheck exclude dirs and/or files: 
[3.645s] -- Added test 'cpplint' to check C / C++ code against the Google style
[3.645s] -- Configured cpplint exclude dirs and/or files: 
[3.645s] -- Added test 'lint_cmake' to check CMake code style
[3.646s] -- Added test 'uncrustify' to check C / C++ code style
[3.646s] -- Configured uncrustify additional arguments: 
[3.646s] -- Added test 'xmllint' to check XML markup files
[3.647s] -- Configuring done
[3.654s] -- Generating done
[3.655s] -- Build files have been written to: /home/add/Projects/ROS2/test3/build/cpp_pubsub
[3.671s] [35m[1mScanning dependencies of target listener[0m
[3.672s] [35m[1mScanning dependencies of target talker[0m
[3.686s] [ 25%] [32mBuilding CXX object CMakeFiles/talker.dir/src/publisher_member_function.cpp.o[0m
[3.690s] [ 50%] [32mBuilding CXX object CMakeFiles/listener.dir/src/subscriber_member_function.cpp.o[0m
[6.037s] [ 75%] [32m[1mLinking CXX executable talker[0m
[6.201s] [ 75%] Built target talker
[7.261s] [100%] [32m[1mLinking CXX executable listener[0m
[7.461s] [100%] Built target listener
[7.468s] Invoked command in '/home/add/Projects/ROS2/test3/build/cpp_pubsub' returned '0': CMAKE_PREFIX_PATH=${CMAKE_PREFIX_PATH}:/opt/ros/foxy /usr/bin/cmake --build /home/add/Projects/ROS2/test3/build/cpp_pubsub -- -j20 -l20
[7.491s] Invoking command in '/home/add/Projects/ROS2/test3/build/cpp_pubsub': CMAKE_PREFIX_PATH=${CMAKE_PREFIX_PATH}:/opt/ros/foxy /usr/bin/cmake --install /home/add/Projects/ROS2/test3/build/cpp_pubsub
[7.495s] -- Install configuration: ""
[7.495s] -- Installing: /home/add/Projects/ROS2/test3/install/cpp_pubsub/lib/cpp_pubsub/talker
[7.496s] -- Set runtime path of "/home/add/Projects/ROS2/test3/install/cpp_pubsub/lib/cpp_pubsub/talker" to ""
[7.496s] -- Installing: /home/add/Projects/ROS2/test3/install/cpp_pubsub/lib/cpp_pubsub/listener
[7.497s] -- Set runtime path of "/home/add/Projects/ROS2/test3/install/cpp_pubsub/lib/cpp_pubsub/listener" to ""
[7.497s] -- Up-to-date: /home/add/Projects/ROS2/test3/install/cpp_pubsub/share/ament_index/resource_index/package_run_dependencies/cpp_pubsub
[7.497s] -- Up-to-date: /home/add/Projects/ROS2/test3/install/cpp_pubsub/share/ament_index/resource_index/parent_prefix_path/cpp_pubsub
[7.498s] -- Up-to-date: /home/add/Projects/ROS2/test3/install/cpp_pubsub/share/cpp_pubsub/environment/ament_prefix_path.sh
[7.498s] -- Installing: /home/add/Projects/ROS2/test3/install/cpp_pubsub/share/cpp_pubsub/environment/ament_prefix_path.dsv
[7.498s] -- Up-to-date: /home/add/Projects/ROS2/test3/install/cpp_pubsub/share/cpp_pubsub/environment/path.sh
[7.498s] -- Installing: /home/add/Projects/ROS2/test3/install/cpp_pubsub/share/cpp_pubsub/environment/path.dsv
[7.498s] -- Up-to-date: /home/add/Projects/ROS2/test3/install/cpp_pubsub/share/cpp_pubsub/local_setup.bash
[7.498s] -- Up-to-date: /home/add/Projects/ROS2/test3/install/cpp_pubsub/share/cpp_pubsub/local_setup.sh
[7.498s] -- Up-to-date: /home/add/Projects/ROS2/test3/install/cpp_pubsub/share/cpp_pubsub/local_setup.zsh
[7.498s] -- Installing: /home/add/Projects/ROS2/test3/install/cpp_pubsub/share/cpp_pubsub/local_setup.dsv
[7.498s] -- Installing: /home/add/Projects/ROS2/test3/install/cpp_pubsub/share/cpp_pubsub/package.dsv
[7.498s] -- Up-to-date: /home/add/Projects/ROS2/test3/install/cpp_pubsub/share/ament_index/resource_index/packages/cpp_pubsub
[7.499s] -- Up-to-date: /home/add/Projects/ROS2/test3/install/cpp_pubsub/share/cpp_pubsub/cmake/cpp_pubsubConfig.cmake
[7.499s] -- Up-to-date: /home/add/Projects/ROS2/test3/install/cpp_pubsub/share/cpp_pubsub/cmake/cpp_pubsubConfig-version.cmake
[7.500s] -- Up-to-date: /home/add/Projects/ROS2/test3/install/cpp_pubsub/share/cpp_pubsub/package.xml
[7.500s] Invoked command in '/home/add/Projects/ROS2/test3/build/cpp_pubsub' returned '0': CMAKE_PREFIX_PATH=${CMAKE_PREFIX_PATH}:/opt/ros/foxy /usr/bin/cmake --install /home/add/Projects/ROS2/test3/build/cpp_pubsub
