[0.011s] Invoking command in '/home/add/Projects/ROS2/test3/build/cpp_pubsub': CMAKE_PREFIX_PATH=/opt/ros/foxy /usr/bin/cmake --build /home/add/Projects/ROS2/test3/build/cpp_pubsub -- -j20 -l20
[0.049s] [100%] Built target listener
[0.050s] [100%] Built target talker
[0.057s] Invoked command in '/home/add/Projects/ROS2/test3/build/cpp_pubsub' returned '0': CMAKE_PREFIX_PATH=/opt/ros/foxy /usr/bin/cmake --build /home/add/Projects/ROS2/test3/build/cpp_pubsub -- -j20 -l20
[0.080s] Invoking command in '/home/add/Projects/ROS2/test3/build/cpp_pubsub': CMAKE_PREFIX_PATH=/opt/ros/foxy /usr/bin/cmake --install /home/add/Projects/ROS2/test3/build/cpp_pubsub
[0.084s] -- Install configuration: ""
[0.084s] -- Up-to-date: /home/add/Projects/ROS2/test3/install/cpp_pubsub/lib/cpp_pubsub/talker
[0.084s] -- Up-to-date: /home/add/Projects/ROS2/test3/install/cpp_pubsub/lib/cpp_pubsub/listener
[0.085s] -- Up-to-date: /home/add/Projects/ROS2/test3/install/cpp_pubsub/share/ament_index/resource_index/package_run_dependencies/cpp_pubsub
[0.085s] -- Up-to-date: /home/add/Projects/ROS2/test3/install/cpp_pubsub/share/ament_index/resource_index/parent_prefix_path/cpp_pubsub
[0.085s] -- Up-to-date: /home/add/Projects/ROS2/test3/install/cpp_pubsub/share/cpp_pubsub/environment/ament_prefix_path.sh
[0.085s] -- Up-to-date: /home/add/Projects/ROS2/test3/install/cpp_pubsub/share/cpp_pubsub/environment/ament_prefix_path.dsv
[0.085s] -- Up-to-date: /home/add/Projects/ROS2/test3/install/cpp_pubsub/share/cpp_pubsub/environment/path.sh
[0.085s] -- Up-to-date: /home/add/Projects/ROS2/test3/install/cpp_pubsub/share/cpp_pubsub/environment/path.dsv
[0.085s] -- Up-to-date: /home/add/Projects/ROS2/test3/install/cpp_pubsub/share/cpp_pubsub/local_setup.bash
[0.085s] -- Up-to-date: /home/add/Projects/ROS2/test3/install/cpp_pubsub/share/cpp_pubsub/local_setup.sh
[0.085s] -- Up-to-date: /home/add/Projects/ROS2/test3/install/cpp_pubsub/share/cpp_pubsub/local_setup.zsh
[0.086s] -- Up-to-date: /home/add/Projects/ROS2/test3/install/cpp_pubsub/share/cpp_pubsub/local_setup.dsv
[0.086s] -- Installing: /home/add/Projects/ROS2/test3/install/cpp_pubsub/share/cpp_pubsub/package.dsv
[0.086s] -- Up-to-date: /home/add/Projects/ROS2/test3/install/cpp_pubsub/share/ament_index/resource_index/packages/cpp_pubsub
[0.086s] -- Up-to-date: /home/add/Projects/ROS2/test3/install/cpp_pubsub/share/cpp_pubsub/cmake/cpp_pubsubConfig.cmake
[0.086s] -- Up-to-date: /home/add/Projects/ROS2/test3/install/cpp_pubsub/share/cpp_pubsub/cmake/cpp_pubsubConfig-version.cmake
[0.086s] -- Up-to-date: /home/add/Projects/ROS2/test3/install/cpp_pubsub/share/cpp_pubsub/package.xml
[0.088s] Invoked command in '/home/add/Projects/ROS2/test3/build/cpp_pubsub' returned '0': CMAKE_PREFIX_PATH=/opt/ros/foxy /usr/bin/cmake --install /home/add/Projects/ROS2/test3/build/cpp_pubsub
