[0.174s] DEBUG:colcon:Command line arguments: ['/usr/bin/colcon', 'build', '--packages-select', 'cpp_srvcli']
[0.174s] DEBUG:colcon:Parsed command line arguments: Namespace(allow_overriding=[], ament_cmake_args=None, base_paths=['.'], build_base='build', catkin_cmake_args=None, catkin_skip_building_tests=False, cmake_args=None, cmake_clean_cache=False, cmake_clean_first=False, cmake_force_configure=False, cmake_target=None, cmake_target_skip_unavailable=False, continue_on_error=False, event_handlers=None, executor='parallel', ignore_user_meta=False, install_base='install', log_base=None, log_level=None, main=<bound method BuildVerb.main of <colcon_core.verb.build.BuildVerb object at 0x7f5ae884d670>>, merge_install=False, metas=['./colcon.meta'], packages_above=None, packages_above_and_dependencies=None, packages_above_depth=None, packages_end=None, packages_ignore=None, packages_ignore_regex=None, packages_select=['cpp_srvcli'], packages_select_build_failed=False, packages_select_by_dep=None, packages_select_regex=None, packages_select_test_failures=False, packages_skip=None, packages_skip_build_finished=False, packages_skip_by_dep=None, packages_skip_regex=None, packages_skip_test_passed=False, packages_skip_up_to=None, packages_start=None, packages_up_to=None, packages_up_to_regex=None, parallel_workers=20, paths=None, symlink_install=False, test_result_base=None, verb_extension=<colcon_core.verb.build.BuildVerb object at 0x7f5ae884d670>, verb_name='build', verb_parser=<colcon_defaults.argument_parser.defaults.DefaultArgumentsDecorator object at 0x7f5ae884dbb0>)
[0.190s] Level 1:colcon.colcon_core.package_discovery:discover_packages(colcon_meta) check parameters
[0.190s] Level 1:colcon.colcon_core.package_discovery:discover_packages(recursive) check parameters
[0.190s] Level 1:colcon.colcon_core.package_discovery:discover_packages(ignore) check parameters
[0.190s] Level 1:colcon.colcon_core.package_discovery:discover_packages(path) check parameters
[0.190s] Level 1:colcon.colcon_core.package_discovery:discover_packages(colcon_meta) discover
[0.190s] Level 1:colcon.colcon_core.package_discovery:discover_packages(recursive) discover
[0.190s] INFO:colcon.colcon_core.package_discovery:Crawling recursively for packages in '/home/add/Projects/ROS2/test3'
[0.190s] Level 1:colcon.colcon_core.package_identification:_identify(.) by extensions ['ignore', 'ignore_ament_install']
[0.190s] Level 1:colcon.colcon_core.package_identification:_identify(.) by extension 'ignore'
[0.190s] Level 1:colcon.colcon_core.package_identification:_identify(.) by extension 'ignore_ament_install'
[0.190s] Level 1:colcon.colcon_core.package_identification:_identify(.) by extensions ['colcon_pkg']
[0.191s] Level 1:colcon.colcon_core.package_identification:_identify(.) by extension 'colcon_pkg'
[0.191s] Level 1:colcon.colcon_core.package_identification:_identify(.) by extensions ['colcon_meta']
[0.191s] Level 1:colcon.colcon_core.package_identification:_identify(.) by extension 'colcon_meta'
[0.191s] Level 1:colcon.colcon_core.package_identification:_identify(.) by extensions ['ros']
[0.191s] Level 1:colcon.colcon_core.package_identification:_identify(.) by extension 'ros'
[0.198s] Level 1:colcon.colcon_core.package_identification:_identify(.) by extensions ['cmake', 'python']
[0.198s] Level 1:colcon.colcon_core.package_identification:_identify(.) by extension 'cmake'
[0.198s] Level 1:colcon.colcon_core.package_identification:_identify(.) by extension 'python'
[0.198s] Level 1:colcon.colcon_core.package_identification:_identify(.) by extensions ['python_setup_py']
[0.198s] Level 1:colcon.colcon_core.package_identification:_identify(.) by extension 'python_setup_py'
[0.198s] Level 1:colcon.colcon_core.package_identification:_identify(build) by extensions ['ignore', 'ignore_ament_install']
[0.198s] Level 1:colcon.colcon_core.package_identification:_identify(build) by extension 'ignore'
[0.198s] Level 1:colcon.colcon_core.package_identification:_identify(build) ignored
[0.198s] Level 1:colcon.colcon_core.package_identification:_identify(install) by extensions ['ignore', 'ignore_ament_install']
[0.198s] Level 1:colcon.colcon_core.package_identification:_identify(install) by extension 'ignore'
[0.198s] Level 1:colcon.colcon_core.package_identification:_identify(install) ignored
[0.198s] Level 1:colcon.colcon_core.package_identification:_identify(log) by extensions ['ignore', 'ignore_ament_install']
[0.198s] Level 1:colcon.colcon_core.package_identification:_identify(log) by extension 'ignore'
[0.198s] Level 1:colcon.colcon_core.package_identification:_identify(log) ignored
[0.199s] Level 1:colcon.colcon_core.package_identification:_identify(src) by extensions ['ignore', 'ignore_ament_install']
[0.199s] Level 1:colcon.colcon_core.package_identification:_identify(src) by extension 'ignore'
[0.199s] Level 1:colcon.colcon_core.package_identification:_identify(src) by extension 'ignore_ament_install'
[0.199s] Level 1:colcon.colcon_core.package_identification:_identify(src) by extensions ['colcon_pkg']
[0.199s] Level 1:colcon.colcon_core.package_identification:_identify(src) by extension 'colcon_pkg'
[0.199s] Level 1:colcon.colcon_core.package_identification:_identify(src) by extensions ['colcon_meta']
[0.199s] Level 1:colcon.colcon_core.package_identification:_identify(src) by extension 'colcon_meta'
[0.199s] Level 1:colcon.colcon_core.package_identification:_identify(src) by extensions ['ros']
[0.199s] Level 1:colcon.colcon_core.package_identification:_identify(src) by extension 'ros'
[0.199s] Level 1:colcon.colcon_core.package_identification:_identify(src) by extensions ['cmake', 'python']
[0.199s] Level 1:colcon.colcon_core.package_identification:_identify(src) by extension 'cmake'
[0.199s] Level 1:colcon.colcon_core.package_identification:_identify(src) by extension 'python'
[0.199s] Level 1:colcon.colcon_core.package_identification:_identify(src) by extensions ['python_setup_py']
[0.199s] Level 1:colcon.colcon_core.package_identification:_identify(src) by extension 'python_setup_py'
[0.199s] Level 1:colcon.colcon_core.package_identification:_identify(src/cpp_pubsub) by extensions ['ignore', 'ignore_ament_install']
[0.199s] Level 1:colcon.colcon_core.package_identification:_identify(src/cpp_pubsub) by extension 'ignore'
[0.199s] Level 1:colcon.colcon_core.package_identification:_identify(src/cpp_pubsub) by extension 'ignore_ament_install'
[0.199s] Level 1:colcon.colcon_core.package_identification:_identify(src/cpp_pubsub) by extensions ['colcon_pkg']
[0.199s] Level 1:colcon.colcon_core.package_identification:_identify(src/cpp_pubsub) by extension 'colcon_pkg'
[0.199s] Level 1:colcon.colcon_core.package_identification:_identify(src/cpp_pubsub) by extensions ['colcon_meta']
[0.199s] Level 1:colcon.colcon_core.package_identification:_identify(src/cpp_pubsub) by extension 'colcon_meta'
[0.199s] Level 1:colcon.colcon_core.package_identification:_identify(src/cpp_pubsub) by extensions ['ros']
[0.199s] Level 1:colcon.colcon_core.package_identification:_identify(src/cpp_pubsub) by extension 'ros'
[0.201s] DEBUG:colcon.colcon_core.package_identification:Package 'src/cpp_pubsub' with type 'ros.ament_cmake' and name 'cpp_pubsub'
[0.201s] Level 1:colcon.colcon_core.package_identification:_identify(src/cpp_srvcli) by extensions ['ignore', 'ignore_ament_install']
[0.201s] Level 1:colcon.colcon_core.package_identification:_identify(src/cpp_srvcli) by extension 'ignore'
[0.201s] Level 1:colcon.colcon_core.package_identification:_identify(src/cpp_srvcli) by extension 'ignore_ament_install'
[0.201s] Level 1:colcon.colcon_core.package_identification:_identify(src/cpp_srvcli) by extensions ['colcon_pkg']
[0.201s] Level 1:colcon.colcon_core.package_identification:_identify(src/cpp_srvcli) by extension 'colcon_pkg'
[0.201s] Level 1:colcon.colcon_core.package_identification:_identify(src/cpp_srvcli) by extensions ['colcon_meta']
[0.201s] Level 1:colcon.colcon_core.package_identification:_identify(src/cpp_srvcli) by extension 'colcon_meta'
[0.201s] Level 1:colcon.colcon_core.package_identification:_identify(src/cpp_srvcli) by extensions ['ros']
[0.201s] Level 1:colcon.colcon_core.package_identification:_identify(src/cpp_srvcli) by extension 'ros'
[0.202s] DEBUG:colcon.colcon_core.package_identification:Package 'src/cpp_srvcli' with type 'ros.ament_cmake' and name 'cpp_srvcli'
[0.202s] Level 1:colcon.colcon_core.package_discovery:discover_packages(recursive) using defaults
[0.202s] Level 1:colcon.colcon_core.package_discovery:discover_packages(ignore) discover
[0.202s] Level 1:colcon.colcon_core.package_discovery:discover_packages(ignore) using defaults
[0.202s] Level 1:colcon.colcon_core.package_discovery:discover_packages(path) discover
[0.202s] Level 1:colcon.colcon_core.package_discovery:discover_packages(path) using defaults
[0.220s] INFO:colcon.colcon_core.package_selection:Skipping not selected package 'cpp_pubsub' in 'src/cpp_pubsub'
[0.221s] Level 1:colcon.colcon_core.package_discovery:discover_packages(prefix_path) check parameters
[0.221s] Level 1:colcon.colcon_core.package_discovery:discover_packages(prefix_path) discover
[0.223s] DEBUG:colcon.colcon_installed_package_information.package_discovery:Found 256 installed packages in /opt/ros/foxy
[0.224s] Level 1:colcon.colcon_core.package_discovery:discover_packages(prefix_path) using defaults
[0.271s] Level 5:colcon.colcon_core.verb:set package 'cpp_srvcli' build argument 'cmake_args' from command line to 'None'
[0.271s] Level 5:colcon.colcon_core.verb:set package 'cpp_srvcli' build argument 'cmake_target' from command line to 'None'
[0.271s] Level 5:colcon.colcon_core.verb:set package 'cpp_srvcli' build argument 'cmake_target_skip_unavailable' from command line to 'False'
[0.271s] Level 5:colcon.colcon_core.verb:set package 'cpp_srvcli' build argument 'cmake_clean_cache' from command line to 'False'
[0.271s] Level 5:colcon.colcon_core.verb:set package 'cpp_srvcli' build argument 'cmake_clean_first' from command line to 'False'
[0.271s] Level 5:colcon.colcon_core.verb:set package 'cpp_srvcli' build argument 'cmake_force_configure' from command line to 'False'
[0.271s] Level 5:colcon.colcon_core.verb:set package 'cpp_srvcli' build argument 'ament_cmake_args' from command line to 'None'
[0.271s] Level 5:colcon.colcon_core.verb:set package 'cpp_srvcli' build argument 'catkin_cmake_args' from command line to 'None'
[0.271s] Level 5:colcon.colcon_core.verb:set package 'cpp_srvcli' build argument 'catkin_skip_building_tests' from command line to 'False'
[0.271s] DEBUG:colcon.colcon_core.verb:Building package 'cpp_srvcli' with the following arguments: {'ament_cmake_args': None, 'build_base': '/home/add/Projects/ROS2/test3/build/cpp_srvcli', 'catkin_cmake_args': None, 'catkin_skip_building_tests': False, 'cmake_args': None, 'cmake_clean_cache': False, 'cmake_clean_first': False, 'cmake_force_configure': False, 'cmake_target': None, 'cmake_target_skip_unavailable': False, 'install_base': '/home/add/Projects/ROS2/test3/install/cpp_srvcli', 'merge_install': False, 'path': '/home/add/Projects/ROS2/test3/src/cpp_srvcli', 'symlink_install': False, 'test_result_base': None}
[0.272s] INFO:colcon.colcon_core.executor:Executing jobs using 'parallel' executor
[0.275s] DEBUG:colcon.colcon_parallel_executor.executor.parallel:run_until_complete
[0.275s] INFO:colcon.colcon_ros.task.ament_cmake.build:Building ROS package in '/home/add/Projects/ROS2/test3/src/cpp_srvcli' with build type 'ament_cmake'
[0.275s] INFO:colcon.colcon_cmake.task.cmake.build:Building CMake package in '/home/add/Projects/ROS2/test3/src/cpp_srvcli'
[0.278s] INFO:colcon.colcon_core.plugin_system:Skipping extension 'colcon_core.shell.bat': Not used on non-Windows systems
[0.279s] INFO:colcon.colcon_core.shell:Skip shell extension 'powershell' for command environment: Not usable outside of PowerShell
[0.279s] DEBUG:colcon.colcon_core.shell:Skip shell extension 'dsv' for command environment
[0.286s] DEBUG:colcon.colcon_core.event_handler.log_command:Invoking command in '/home/add/Projects/ROS2/test3/build/cpp_srvcli': CMAKE_PREFIX_PATH=/opt/ros/foxy /usr/bin/cmake --build /home/add/Projects/ROS2/test3/build/cpp_srvcli -- -j20 -l20
[5.764s] DEBUG:colcon.colcon_core.event_handler.log_command:Invoked command in '/home/add/Projects/ROS2/test3/build/cpp_srvcli' returned '0': CMAKE_PREFIX_PATH=/opt/ros/foxy /usr/bin/cmake --build /home/add/Projects/ROS2/test3/build/cpp_srvcli -- -j20 -l20
[5.787s] DEBUG:colcon.colcon_core.event_handler.log_command:Invoking command in '/home/add/Projects/ROS2/test3/build/cpp_srvcli': CMAKE_PREFIX_PATH=/opt/ros/foxy /usr/bin/cmake --install /home/add/Projects/ROS2/test3/build/cpp_srvcli
[5.795s] Level 1:colcon.colcon_core.environment:create_environment_scripts_only(cpp_srvcli)
[5.796s] DEBUG:colcon.colcon_core.event_handler.log_command:Invoked command in '/home/add/Projects/ROS2/test3/build/cpp_srvcli' returned '0': CMAKE_PREFIX_PATH=/opt/ros/foxy /usr/bin/cmake --install /home/add/Projects/ROS2/test3/build/cpp_srvcli
[5.799s] Level 1:colcon.colcon_core.environment:checking '/home/add/Projects/ROS2/test3/install/cpp_srvcli' for CMake module files
[5.799s] Level 1:colcon.colcon_core.environment:checking '/home/add/Projects/ROS2/test3/install/cpp_srvcli' for CMake config files
[5.799s] Level 1:colcon.colcon_core.shell:create_environment_hook('cpp_srvcli', 'cmake_prefix_path')
[5.800s] INFO:colcon.colcon_core.shell:Creating environment hook '/home/add/Projects/ROS2/test3/install/cpp_srvcli/share/cpp_srvcli/hook/cmake_prefix_path.ps1'
[5.801s] INFO:colcon.colcon_core.shell:Creating environment descriptor '/home/add/Projects/ROS2/test3/install/cpp_srvcli/share/cpp_srvcli/hook/cmake_prefix_path.dsv'
[5.801s] INFO:colcon.colcon_core.shell:Creating environment hook '/home/add/Projects/ROS2/test3/install/cpp_srvcli/share/cpp_srvcli/hook/cmake_prefix_path.sh'
[5.802s] Level 1:colcon.colcon_core.environment:checking '/home/add/Projects/ROS2/test3/install/cpp_srvcli/lib'
[5.802s] Level 1:colcon.colcon_core.environment:checking '/home/add/Projects/ROS2/test3/install/cpp_srvcli/bin'
[5.802s] Level 1:colcon.colcon_core.environment:checking '/home/add/Projects/ROS2/test3/install/cpp_srvcli/lib/pkgconfig/cpp_srvcli.pc'
[5.802s] Level 1:colcon.colcon_core.environment:checking '/home/add/Projects/ROS2/test3/install/cpp_srvcli/lib/python3.8/site-packages'
[5.802s] Level 1:colcon.colcon_core.environment:checking '/home/add/Projects/ROS2/test3/install/cpp_srvcli/bin'
[5.803s] INFO:colcon.colcon_core.shell:Creating package script '/home/add/Projects/ROS2/test3/install/cpp_srvcli/share/cpp_srvcli/package.ps1'
[5.803s] INFO:colcon.colcon_core.shell:Creating package descriptor '/home/add/Projects/ROS2/test3/install/cpp_srvcli/share/cpp_srvcli/package.dsv'
[5.804s] INFO:colcon.colcon_core.shell:Creating package script '/home/add/Projects/ROS2/test3/install/cpp_srvcli/share/cpp_srvcli/package.sh'
[5.804s] INFO:colcon.colcon_core.shell:Creating package script '/home/add/Projects/ROS2/test3/install/cpp_srvcli/share/cpp_srvcli/package.bash'
[5.805s] INFO:colcon.colcon_core.shell:Creating package script '/home/add/Projects/ROS2/test3/install/cpp_srvcli/share/cpp_srvcli/package.zsh'
[5.805s] Level 1:colcon.colcon_core.environment:create_file_with_runtime_dependencies(/home/add/Projects/ROS2/test3/install/cpp_srvcli/share/colcon-core/packages/cpp_srvcli)
[5.821s] Level 1:colcon.colcon_core.environment:create_environment_scripts_only(cpp_srvcli)
[5.823s] Level 1:colcon.colcon_core.environment:checking '/home/add/Projects/ROS2/test3/install/cpp_srvcli' for CMake module files
[5.823s] Level 1:colcon.colcon_core.environment:checking '/home/add/Projects/ROS2/test3/install/cpp_srvcli' for CMake config files
[5.823s] Level 1:colcon.colcon_core.shell:create_environment_hook('cpp_srvcli', 'cmake_prefix_path')
[5.824s] INFO:colcon.colcon_core.shell:Creating environment hook '/home/add/Projects/ROS2/test3/install/cpp_srvcli/share/cpp_srvcli/hook/cmake_prefix_path.ps1'
[5.824s] INFO:colcon.colcon_core.shell:Creating environment descriptor '/home/add/Projects/ROS2/test3/install/cpp_srvcli/share/cpp_srvcli/hook/cmake_prefix_path.dsv'
[5.825s] INFO:colcon.colcon_core.shell:Creating environment hook '/home/add/Projects/ROS2/test3/install/cpp_srvcli/share/cpp_srvcli/hook/cmake_prefix_path.sh'
[5.825s] Level 1:colcon.colcon_core.environment:checking '/home/add/Projects/ROS2/test3/install/cpp_srvcli/lib'
[5.825s] Level 1:colcon.colcon_core.environment:checking '/home/add/Projects/ROS2/test3/install/cpp_srvcli/bin'
[5.825s] Level 1:colcon.colcon_core.environment:checking '/home/add/Projects/ROS2/test3/install/cpp_srvcli/lib/pkgconfig/cpp_srvcli.pc'
[5.825s] Level 1:colcon.colcon_core.environment:checking '/home/add/Projects/ROS2/test3/install/cpp_srvcli/lib/python3.8/site-packages'
[5.825s] Level 1:colcon.colcon_core.environment:checking '/home/add/Projects/ROS2/test3/install/cpp_srvcli/bin'
[5.826s] INFO:colcon.colcon_core.shell:Creating package script '/home/add/Projects/ROS2/test3/install/cpp_srvcli/share/cpp_srvcli/package.ps1'
[5.827s] INFO:colcon.colcon_core.shell:Creating package descriptor '/home/add/Projects/ROS2/test3/install/cpp_srvcli/share/cpp_srvcli/package.dsv'
[5.827s] INFO:colcon.colcon_core.shell:Creating package script '/home/add/Projects/ROS2/test3/install/cpp_srvcli/share/cpp_srvcli/package.sh'
[5.827s] INFO:colcon.colcon_core.shell:Creating package script '/home/add/Projects/ROS2/test3/install/cpp_srvcli/share/cpp_srvcli/package.bash'
[5.827s] INFO:colcon.colcon_core.shell:Creating package script '/home/add/Projects/ROS2/test3/install/cpp_srvcli/share/cpp_srvcli/package.zsh'
[5.828s] Level 1:colcon.colcon_core.environment:create_file_with_runtime_dependencies(/home/add/Projects/ROS2/test3/install/cpp_srvcli/share/colcon-core/packages/cpp_srvcli)
[5.828s] DEBUG:colcon.colcon_parallel_executor.executor.parallel:closing loop
[5.828s] DEBUG:colcon.colcon_parallel_executor.executor.parallel:loop closed
[5.828s] DEBUG:colcon.colcon_parallel_executor.executor.parallel:run_until_complete finished with '0'
[5.828s] DEBUG:colcon.colcon_core.event_reactor:joining thread
[5.867s] INFO:colcon.colcon_core.plugin_system:Skipping extension 'colcon_notification.desktop_notification.notify_send': Could not find 'notify-send'
[5.868s] INFO:colcon.colcon_core.plugin_system:Skipping extension 'colcon_notification.desktop_notification.terminal_notifier': Not used on non-Darwin systems
[5.868s] INFO:colcon.colcon_core.plugin_system:Skipping extension 'colcon_notification.desktop_notification.win32': Not used on non-Windows systems
[5.868s] INFO:colcon.colcon_notification.desktop_notification:Sending desktop notification using 'notify2'
[5.868s] DEBUG:colcon.colcon_notification.desktop_notification.notify2:Failed to initialize notify2: org.freedesktop.DBus.Error.NotSupported: Unable to autolaunch a dbus-daemon without a $DISPLAY for X11
[5.868s] DEBUG:colcon.colcon_core.event_reactor:joined thread
[5.869s] INFO:colcon.colcon_core.shell:Creating prefix script '/home/add/Projects/ROS2/test3/install/local_setup.ps1'
[5.870s] INFO:colcon.colcon_core.shell:Creating prefix util module '/home/add/Projects/ROS2/test3/install/_local_setup_util_ps1.py'
[5.870s] INFO:colcon.colcon_core.shell:Creating prefix chain script '/home/add/Projects/ROS2/test3/install/setup.ps1'
[5.871s] INFO:colcon.colcon_core.shell:Creating prefix script '/home/add/Projects/ROS2/test3/install/local_setup.sh'
[5.872s] INFO:colcon.colcon_core.shell:Creating prefix util module '/home/add/Projects/ROS2/test3/install/_local_setup_util_sh.py'
[5.872s] INFO:colcon.colcon_core.shell:Creating prefix chain script '/home/add/Projects/ROS2/test3/install/setup.sh'
[5.873s] INFO:colcon.colcon_core.shell:Creating prefix script '/home/add/Projects/ROS2/test3/install/local_setup.bash'
[5.873s] INFO:colcon.colcon_core.shell:Creating prefix chain script '/home/add/Projects/ROS2/test3/install/setup.bash'
[5.874s] INFO:colcon.colcon_core.shell:Creating prefix script '/home/add/Projects/ROS2/test3/install/local_setup.zsh'
[5.874s] INFO:colcon.colcon_core.shell:Creating prefix chain script '/home/add/Projects/ROS2/test3/install/setup.zsh'
