[0.009s] Invoking command in '/home/add/Projects/ROS2/test3/build/cpp_srvcli': CMAKE_PREFIX_PATH=/opt/ros/foxy /usr/bin/cmake /home/add/Projects/ROS2/test3/src/cpp_srvcli -DCMAKE_INSTALL_PREFIX=/home/add/Projects/ROS2/test3/install/cpp_srvcli
[0.139s] -- The C compiler identification is GNU 9.4.0
[0.331s] -- The CXX compiler identification is GNU 9.4.0
[0.430s] -- Check for working C compiler: /usr/bin/cc
[0.537s] -- Check for working C compiler: /usr/bin/cc -- works
[0.537s] -- Detecting C compiler ABI info
[0.644s] -- Detecting C compiler ABI info - done
[0.652s] -- Detecting C compile features
[0.653s] -- Detecting C compile features - done
[0.654s] -- Check for working CXX compiler: /usr/bin/c++
[0.767s] -- Check for working CXX compiler: /usr/bin/c++ -- works
[0.768s] -- Detecting CXX compiler ABI info
[0.880s] -- Detecting CXX compiler ABI info - done
[0.888s] -- Detecting CXX compile features
[0.888s] -- Detecting CXX compile features - done
[0.889s] -- Found ament_cmake: 0.9.11 (/opt/ros/foxy/share/ament_cmake/cmake)
[0.905s] -- Found PythonInterp: /usr/bin/python3 (found suitable version "3.8.10", minimum required is "3") 
[0.905s] -- Using PYTHON_EXECUTABLE: /usr/bin/python3
[1.038s] -- Found rclcpp: 2.4.2 (/opt/ros/foxy/share/rclcpp/cmake)
[1.157s] -- Using all available rosidl_typesupport_c: rosidl_typesupport_fastrtps_c;rosidl_typesupport_introspection_c
[1.161s] -- Found rosidl_adapter: 1.3.0 (/opt/ros/foxy/share/rosidl_adapter/cmake)
[1.988s] -- Found OpenSSL: /usr/lib/x86_64-linux-gnu/libcrypto.so (found version "1.1.1f")  
[2.868s] -- Found FastRTPS: /opt/ros/foxy/include  
[4.445s] -- Using all available rosidl_typesupport_cpp: rosidl_typesupport_fastrtps_cpp;rosidl_typesupport_introspection_cpp
[4.484s] -- Found rmw_implementation_cmake: 1.0.3 (/opt/ros/foxy/share/rmw_implementation_cmake/cmake)
[4.485s] -- Using RMW implementation 'rmw_fastrtps_cpp' as default
[4.485s] -- Looking for pthread.h
[4.598s] -- Looking for pthread.h - found
[4.598s] -- Performing Test CMAKE_HAVE_LIBC_PTHREAD
[4.713s] -- Performing Test CMAKE_HAVE_LIBC_PTHREAD - Failed
[4.714s] -- Looking for pthread_create in pthreads
[4.818s] -- Looking for pthread_create in pthreads - not found
[4.818s] -- Looking for pthread_create in pthread
[4.928s] -- Looking for pthread_create in pthread - found
[4.929s] -- Found Threads: TRUE  
[5.040s] -- Found example_interfaces: 0.9.1 (/opt/ros/foxy/share/example_interfaces/cmake)
[5.135s] -- Found ament_lint_auto: 0.9.7 (/opt/ros/foxy/share/ament_lint_auto/cmake)
[5.183s] -- Added test 'copyright' to check source files copyright and LICENSE
[5.184s] -- Added test 'cppcheck' to perform static code analysis on C / C++ code
[5.184s] -- Configured cppcheck include dirs: 
[5.184s] -- Configured cppcheck exclude dirs and/or files: 
[5.184s] -- Added test 'cpplint' to check C / C++ code against the Google style
[5.184s] -- Configured cpplint exclude dirs and/or files: 
[5.185s] -- Added test 'lint_cmake' to check CMake code style
[5.185s] -- Added test 'uncrustify' to check C / C++ code style
[5.185s] -- Configured uncrustify additional arguments: 
[5.186s] -- Added test 'xmllint' to check XML markup files
[5.187s] -- Configuring done
[5.195s] -- Generating done
[5.196s] -- Build files have been written to: /home/add/Projects/ROS2/test3/build/cpp_srvcli
[5.203s] Invoked command in '/home/add/Projects/ROS2/test3/build/cpp_srvcli' returned '0': CMAKE_PREFIX_PATH=/opt/ros/foxy /usr/bin/cmake /home/add/Projects/ROS2/test3/src/cpp_srvcli -DCMAKE_INSTALL_PREFIX=/home/add/Projects/ROS2/test3/install/cpp_srvcli
[5.205s] Invoking command in '/home/add/Projects/ROS2/test3/build/cpp_srvcli': CMAKE_PREFIX_PATH=/opt/ros/foxy /usr/bin/cmake --build /home/add/Projects/ROS2/test3/build/cpp_srvcli -- -j20 -l20
[5.229s] [35m[1mScanning dependencies of target client[0m
[5.229s] [35m[1mScanning dependencies of target server[0m
[5.235s] [ 25%] [32mBuilding CXX object CMakeFiles/server.dir/src/add_two_ints_server.cpp.o[0m
[5.248s] [ 50%] [32m[1mLinking CXX executable server[0m
[5.251s] [ 75%] [32mBuilding CXX object CMakeFiles/client.dir/src/add_two_ints_client.cpp.o[0m
[5.357s] /usr/bin/ld: /usr/lib/gcc/x86_64-linux-gnu/9/../../../x86_64-linux-gnu/Scrt1.o: in function `_start':
[5.357s] (.text+0x24): undefined reference to `main'
[5.357s] collect2: error: ld returned 1 exit status
[5.358s] make[2]: *** [CMakeFiles/server.dir/build.make:146: server] Error 1
[5.358s] make[1]: *** [CMakeFiles/Makefile2:107: CMakeFiles/server.dir/all] Error 2
[5.358s] make[1]: *** Waiting for unfinished jobs....
[6.824s] [100%] [32m[1mLinking CXX executable client[0m
[6.973s] [100%] Built target client
[6.974s] make: *** [Makefile:141: all] Error 2
[6.975s] Invoked command in '/home/add/Projects/ROS2/test3/build/cpp_srvcli' returned '2': CMAKE_PREFIX_PATH=/opt/ros/foxy /usr/bin/cmake --build /home/add/Projects/ROS2/test3/build/cpp_srvcli -- -j20 -l20
