[0.174s] DEBUG:colcon:Command line arguments: ['/usr/bin/colcon', 'build', '--packages-select', 'cpp_srvcli']
[0.174s] DEBUG:colcon:Parsed command line arguments: Namespace(allow_overriding=[], ament_cmake_args=None, base_paths=['.'], build_base='build', catkin_cmake_args=None, catkin_skip_building_tests=False, cmake_args=None, cmake_clean_cache=False, cmake_clean_first=False, cmake_force_configure=False, cmake_target=None, cmake_target_skip_unavailable=False, continue_on_error=False, event_handlers=None, executor='parallel', ignore_user_meta=False, install_base='install', log_base=None, log_level=None, main=<bound method BuildVerb.main of <colcon_core.verb.build.BuildVerb object at 0x7f6d6a2cc5e0>>, merge_install=False, metas=['./colcon.meta'], packages_above=None, packages_above_and_dependencies=None, packages_above_depth=None, packages_end=None, packages_ignore=None, packages_ignore_regex=None, packages_select=['cpp_srvcli'], packages_select_build_failed=False, packages_select_by_dep=None, packages_select_regex=None, packages_select_test_failures=False, packages_skip=None, packages_skip_build_finished=False, packages_skip_by_dep=None, packages_skip_regex=None, packages_skip_test_passed=False, packages_skip_up_to=None, packages_start=None, packages_up_to=None, packages_up_to_regex=None, parallel_workers=20, paths=None, symlink_install=False, test_result_base=None, verb_extension=<colcon_core.verb.build.BuildVerb object at 0x7f6d6a2cc5e0>, verb_name='build', verb_parser=<colcon_defaults.argument_parser.defaults.DefaultArgumentsDecorator object at 0x7f6d6a2ccb20>)
[0.189s] Level 1:colcon.colcon_core.package_discovery:discover_packages(colcon_meta) check parameters
[0.189s] Level 1:colcon.colcon_core.package_discovery:discover_packages(recursive) check parameters
[0.189s] Level 1:colcon.colcon_core.package_discovery:discover_packages(ignore) check parameters
[0.189s] Level 1:colcon.colcon_core.package_discovery:discover_packages(path) check parameters
[0.189s] Level 1:colcon.colcon_core.package_discovery:discover_packages(colcon_meta) discover
[0.190s] Level 1:colcon.colcon_core.package_discovery:discover_packages(recursive) discover
[0.190s] INFO:colcon.colcon_core.package_discovery:Crawling recursively for packages in '/home/add/Projects/ROS2/test3/src/cpp_srvcli'
[0.190s] Level 1:colcon.colcon_core.package_identification:_identify(.) by extensions ['ignore', 'ignore_ament_install']
[0.190s] Level 1:colcon.colcon_core.package_identification:_identify(.) by extension 'ignore'
[0.190s] Level 1:colcon.colcon_core.package_identification:_identify(.) by extension 'ignore_ament_install'
[0.190s] Level 1:colcon.colcon_core.package_identification:_identify(.) by extensions ['colcon_pkg']
[0.190s] Level 1:colcon.colcon_core.package_identification:_identify(.) by extension 'colcon_pkg'
[0.190s] Level 1:colcon.colcon_core.package_identification:_identify(.) by extensions ['colcon_meta']
[0.190s] Level 1:colcon.colcon_core.package_identification:_identify(.) by extension 'colcon_meta'
[0.190s] Level 1:colcon.colcon_core.package_identification:_identify(.) by extensions ['ros']
[0.190s] Level 1:colcon.colcon_core.package_identification:_identify(.) by extension 'ros'
[0.199s] DEBUG:colcon.colcon_core.package_identification:Package '.' with type 'ros.ament_cmake' and name 'cpp_srvcli'
[0.199s] Level 1:colcon.colcon_core.package_discovery:discover_packages(recursive) using defaults
[0.199s] Level 1:colcon.colcon_core.package_discovery:discover_packages(ignore) discover
[0.199s] Level 1:colcon.colcon_core.package_discovery:discover_packages(ignore) using defaults
[0.199s] Level 1:colcon.colcon_core.package_discovery:discover_packages(path) discover
[0.199s] Level 1:colcon.colcon_core.package_discovery:discover_packages(path) using defaults
[0.218s] Level 1:colcon.colcon_core.package_discovery:discover_packages(prefix_path) check parameters
[0.218s] Level 1:colcon.colcon_core.package_discovery:discover_packages(prefix_path) discover
[0.220s] DEBUG:colcon.colcon_installed_package_information.package_discovery:Found 256 installed packages in /opt/ros/foxy
[0.221s] Level 1:colcon.colcon_core.package_discovery:discover_packages(prefix_path) using defaults
[0.267s] Level 5:colcon.colcon_core.verb:set package 'cpp_srvcli' build argument 'cmake_args' from command line to 'None'
[0.267s] Level 5:colcon.colcon_core.verb:set package 'cpp_srvcli' build argument 'cmake_target' from command line to 'None'
[0.268s] Level 5:colcon.colcon_core.verb:set package 'cpp_srvcli' build argument 'cmake_target_skip_unavailable' from command line to 'False'
[0.268s] Level 5:colcon.colcon_core.verb:set package 'cpp_srvcli' build argument 'cmake_clean_cache' from command line to 'False'
[0.268s] Level 5:colcon.colcon_core.verb:set package 'cpp_srvcli' build argument 'cmake_clean_first' from command line to 'False'
[0.268s] Level 5:colcon.colcon_core.verb:set package 'cpp_srvcli' build argument 'cmake_force_configure' from command line to 'False'
[0.268s] Level 5:colcon.colcon_core.verb:set package 'cpp_srvcli' build argument 'ament_cmake_args' from command line to 'None'
[0.268s] Level 5:colcon.colcon_core.verb:set package 'cpp_srvcli' build argument 'catkin_cmake_args' from command line to 'None'
[0.268s] Level 5:colcon.colcon_core.verb:set package 'cpp_srvcli' build argument 'catkin_skip_building_tests' from command line to 'False'
[0.268s] DEBUG:colcon.colcon_core.verb:Building package 'cpp_srvcli' with the following arguments: {'ament_cmake_args': None, 'build_base': '/home/add/Projects/ROS2/test3/src/cpp_srvcli/build/cpp_srvcli', 'catkin_cmake_args': None, 'catkin_skip_building_tests': False, 'cmake_args': None, 'cmake_clean_cache': False, 'cmake_clean_first': False, 'cmake_force_configure': False, 'cmake_target': None, 'cmake_target_skip_unavailable': False, 'install_base': '/home/add/Projects/ROS2/test3/src/cpp_srvcli/install/cpp_srvcli', 'merge_install': False, 'path': '/home/add/Projects/ROS2/test3/src/cpp_srvcli', 'symlink_install': False, 'test_result_base': None}
[0.268s] INFO:colcon.colcon_core.executor:Executing jobs using 'parallel' executor
[0.271s] DEBUG:colcon.colcon_parallel_executor.executor.parallel:run_until_complete
[0.272s] INFO:colcon.colcon_ros.task.ament_cmake.build:Building ROS package in '/home/add/Projects/ROS2/test3/src/cpp_srvcli' with build type 'ament_cmake'
[0.272s] INFO:colcon.colcon_cmake.task.cmake.build:Building CMake package in '/home/add/Projects/ROS2/test3/src/cpp_srvcli'
[0.275s] INFO:colcon.colcon_core.plugin_system:Skipping extension 'colcon_core.shell.bat': Not used on non-Windows systems
[0.275s] INFO:colcon.colcon_core.shell:Skip shell extension 'powershell' for command environment: Not usable outside of PowerShell
[0.275s] DEBUG:colcon.colcon_core.shell:Skip shell extension 'dsv' for command environment
[0.282s] DEBUG:colcon.colcon_core.event_handler.log_command:Invoking command in '/home/add/Projects/ROS2/test3/src/cpp_srvcli/build/cpp_srvcli': CMAKE_PREFIX_PATH=/opt/ros/foxy /usr/bin/cmake /home/add/Projects/ROS2/test3/src/cpp_srvcli -DCMAKE_INSTALL_PREFIX=/home/add/Projects/ROS2/test3/src/cpp_srvcli/install/cpp_srvcli
[5.362s] DEBUG:colcon.colcon_core.event_handler.log_command:Invoked command in '/home/add/Projects/ROS2/test3/src/cpp_srvcli/build/cpp_srvcli' returned '0': CMAKE_PREFIX_PATH=/opt/ros/foxy /usr/bin/cmake /home/add/Projects/ROS2/test3/src/cpp_srvcli -DCMAKE_INSTALL_PREFIX=/home/add/Projects/ROS2/test3/src/cpp_srvcli/install/cpp_srvcli
[5.365s] DEBUG:colcon.colcon_core.event_handler.log_command:Invoking command in '/home/add/Projects/ROS2/test3/src/cpp_srvcli/build/cpp_srvcli': CMAKE_PREFIX_PATH=/opt/ros/foxy /usr/bin/cmake --build /home/add/Projects/ROS2/test3/src/cpp_srvcli/build/cpp_srvcli -- -j20 -l20
[7.200s] DEBUG:colcon.colcon_core.event_handler.log_command:Invoked command in '/home/add/Projects/ROS2/test3/src/cpp_srvcli/build/cpp_srvcli' returned '2': CMAKE_PREFIX_PATH=/opt/ros/foxy /usr/bin/cmake --build /home/add/Projects/ROS2/test3/src/cpp_srvcli/build/cpp_srvcli -- -j20 -l20
[7.216s] Level 1:colcon.colcon_core.environment:create_environment_scripts_only(cpp_srvcli)
[7.219s] Level 1:colcon.colcon_core.environment:checking '/home/add/Projects/ROS2/test3/src/cpp_srvcli/install/cpp_srvcli' for CMake module files
[7.220s] Level 1:colcon.colcon_core.environment:checking '/home/add/Projects/ROS2/test3/src/cpp_srvcli/install/cpp_srvcli' for CMake config files
[7.220s] Level 1:colcon.colcon_core.environment:checking '/home/add/Projects/ROS2/test3/src/cpp_srvcli/install/cpp_srvcli/bin'
[7.220s] Level 1:colcon.colcon_core.environment:checking '/home/add/Projects/ROS2/test3/src/cpp_srvcli/install/cpp_srvcli/lib/pkgconfig/cpp_srvcli.pc'
[7.220s] Level 1:colcon.colcon_core.environment:checking '/home/add/Projects/ROS2/test3/src/cpp_srvcli/install/cpp_srvcli/lib/python3.8/site-packages'
[7.220s] Level 1:colcon.colcon_core.environment:checking '/home/add/Projects/ROS2/test3/src/cpp_srvcli/install/cpp_srvcli/bin'
[7.221s] INFO:colcon.colcon_core.shell:Creating package script '/home/add/Projects/ROS2/test3/src/cpp_srvcli/install/cpp_srvcli/share/cpp_srvcli/package.ps1'
[7.222s] INFO:colcon.colcon_core.shell:Creating package descriptor '/home/add/Projects/ROS2/test3/src/cpp_srvcli/install/cpp_srvcli/share/cpp_srvcli/package.dsv'
[7.222s] INFO:colcon.colcon_core.shell:Creating package script '/home/add/Projects/ROS2/test3/src/cpp_srvcli/install/cpp_srvcli/share/cpp_srvcli/package.sh'
[7.223s] INFO:colcon.colcon_core.shell:Creating package script '/home/add/Projects/ROS2/test3/src/cpp_srvcli/install/cpp_srvcli/share/cpp_srvcli/package.bash'
[7.223s] INFO:colcon.colcon_core.shell:Creating package script '/home/add/Projects/ROS2/test3/src/cpp_srvcli/install/cpp_srvcli/share/cpp_srvcli/package.zsh'
[7.224s] Level 1:colcon.colcon_core.environment:create_file_with_runtime_dependencies(/home/add/Projects/ROS2/test3/src/cpp_srvcli/install/cpp_srvcli/share/colcon-core/packages/cpp_srvcli)
[7.234s] DEBUG:colcon.colcon_parallel_executor.executor.parallel:closing loop
[7.234s] DEBUG:colcon.colcon_parallel_executor.executor.parallel:loop closed
[7.235s] DEBUG:colcon.colcon_parallel_executor.executor.parallel:run_until_complete finished with '2'
[7.235s] DEBUG:colcon.colcon_core.event_reactor:joining thread
[7.272s] INFO:colcon.colcon_core.plugin_system:Skipping extension 'colcon_notification.desktop_notification.notify_send': Could not find 'notify-send'
[7.272s] INFO:colcon.colcon_core.plugin_system:Skipping extension 'colcon_notification.desktop_notification.terminal_notifier': Not used on non-Darwin systems
[7.273s] INFO:colcon.colcon_core.plugin_system:Skipping extension 'colcon_notification.desktop_notification.win32': Not used on non-Windows systems
[7.273s] INFO:colcon.colcon_notification.desktop_notification:Sending desktop notification using 'notify2'
[7.273s] DEBUG:colcon.colcon_notification.desktop_notification.notify2:Failed to initialize notify2: org.freedesktop.DBus.Error.NotSupported: Unable to autolaunch a dbus-daemon without a $DISPLAY for X11
[7.273s] DEBUG:colcon.colcon_core.event_reactor:joined thread
[7.274s] INFO:colcon.colcon_core.shell:Creating prefix script '/home/add/Projects/ROS2/test3/src/cpp_srvcli/install/local_setup.ps1'
[7.275s] INFO:colcon.colcon_core.shell:Creating prefix util module '/home/add/Projects/ROS2/test3/src/cpp_srvcli/install/_local_setup_util_ps1.py'
[7.275s] INFO:colcon.colcon_core.shell:Creating prefix chain script '/home/add/Projects/ROS2/test3/src/cpp_srvcli/install/setup.ps1'
[7.276s] INFO:colcon.colcon_core.shell:Creating prefix script '/home/add/Projects/ROS2/test3/src/cpp_srvcli/install/local_setup.sh'
[7.277s] INFO:colcon.colcon_core.shell:Creating prefix util module '/home/add/Projects/ROS2/test3/src/cpp_srvcli/install/_local_setup_util_sh.py'
[7.277s] INFO:colcon.colcon_core.shell:Creating prefix chain script '/home/add/Projects/ROS2/test3/src/cpp_srvcli/install/setup.sh'
[7.278s] INFO:colcon.colcon_core.shell:Creating prefix script '/home/add/Projects/ROS2/test3/src/cpp_srvcli/install/local_setup.bash'
[7.278s] INFO:colcon.colcon_core.shell:Creating prefix chain script '/home/add/Projects/ROS2/test3/src/cpp_srvcli/install/setup.bash'
[7.279s] INFO:colcon.colcon_core.shell:Creating prefix script '/home/add/Projects/ROS2/test3/src/cpp_srvcli/install/local_setup.zsh'
[7.279s] INFO:colcon.colcon_core.shell:Creating prefix chain script '/home/add/Projects/ROS2/test3/src/cpp_srvcli/install/setup.zsh'
