[0.012s] Invoking command in '/home/add/Projects/ROS2/test3/build/cpp_pubsub': CMAKE_PREFIX_PATH=${CMAKE_PREFIX_PATH}:/opt/ros/foxy /usr/bin/cmake --build /home/add/Projects/ROS2/test3/build/cpp_pubsub -- -j20 -l20
[0.027s] -- Found ament_cmake: 0.9.11 (/opt/ros/foxy/share/ament_cmake/cmake)
[0.041s] -- Using PYTHON_EXECUTABLE: /usr/bin/python3
[0.158s] -- Found rclcpp: 2.4.2 (/opt/ros/foxy/share/rclcpp/cmake)
[0.273s] -- Using all available rosidl_typesupport_c: rosidl_typesupport_fastrtps_c;rosidl_typesupport_introspection_c
[0.275s] -- Found rosidl_adapter: 1.3.0 (/opt/ros/foxy/share/rosidl_adapter/cmake)
[3.321s] -- Using all available rosidl_typesupport_cpp: rosidl_typesupport_fastrtps_cpp;rosidl_typesupport_introspection_cpp
[3.356s] -- Found rmw_implementation_cmake: 1.0.3 (/opt/ros/foxy/share/rmw_implementation_cmake/cmake)
[3.357s] -- Using RMW implementation 'rmw_fastrtps_cpp' as default
[3.457s] -- Found ament_lint_auto: 0.9.7 (/opt/ros/foxy/share/ament_lint_auto/cmake)
[3.499s] -- Added test 'copyright' to check source files copyright and LICENSE
[3.499s] -- Added test 'cppcheck' to perform static code analysis on C / C++ code
[3.499s] -- Configured cppcheck include dirs: 
[3.499s] -- Configured cppcheck exclude dirs and/or files: 
[3.500s] -- Added test 'cpplint' to check C / C++ code against the Google style
[3.500s] -- Configured cpplint exclude dirs and/or files: 
[3.500s] -- Added test 'lint_cmake' to check CMake code style
[3.500s] -- Added test 'uncrustify' to check C / C++ code style
[3.500s] -- Configured uncrustify additional arguments: 
[3.501s] -- Added test 'xmllint' to check XML markup files
[3.502s] -- Configuring done
[3.508s] -- Generating done
[3.509s] -- Build files have been written to: /home/add/Projects/ROS2/test3/build/cpp_pubsub
[3.526s] [35m[1mScanning dependencies of target talker[0m
[3.526s] [35m[1mScanning dependencies of target listener[0m
[3.541s] [ 50%] [32mBuilding CXX object CMakeFiles/listener.dir/src/subscriber_member_function.cpp.o[0m
[3.541s] [ 50%] [32mBuilding CXX object CMakeFiles/talker.dir/src/publisher_member_function.cpp.o[0m
[5.742s] [ 75%] [32m[1mLinking CXX executable talker[0m
[5.902s] [ 75%] Built target talker
[6.950s] [100%] [32m[1mLinking CXX executable listener[0m
[7.143s] [100%] Built target listener
[7.151s] Invoked command in '/home/add/Projects/ROS2/test3/build/cpp_pubsub' returned '0': CMAKE_PREFIX_PATH=${CMAKE_PREFIX_PATH}:/opt/ros/foxy /usr/bin/cmake --build /home/add/Projects/ROS2/test3/build/cpp_pubsub -- -j20 -l20
[7.173s] Invoking command in '/home/add/Projects/ROS2/test3/build/cpp_pubsub': CMAKE_PREFIX_PATH=${CMAKE_PREFIX_PATH}:/opt/ros/foxy /usr/bin/cmake --install /home/add/Projects/ROS2/test3/build/cpp_pubsub
[7.177s] -- Install configuration: ""
[7.177s] -- Installing: /home/add/Projects/ROS2/test3/install/cpp_pubsub/lib/cpp_pubsub/talker
[7.178s] -- Set runtime path of "/home/add/Projects/ROS2/test3/install/cpp_pubsub/lib/cpp_pubsub/talker" to ""
[7.178s] -- Installing: /home/add/Projects/ROS2/test3/install/cpp_pubsub/lib/cpp_pubsub/listener
[7.179s] -- Set runtime path of "/home/add/Projects/ROS2/test3/install/cpp_pubsub/lib/cpp_pubsub/listener" to ""
[7.179s] -- Up-to-date: /home/add/Projects/ROS2/test3/install/cpp_pubsub/share/ament_index/resource_index/package_run_dependencies/cpp_pubsub
[7.180s] -- Up-to-date: /home/add/Projects/ROS2/test3/install/cpp_pubsub/share/ament_index/resource_index/parent_prefix_path/cpp_pubsub
[7.180s] -- Up-to-date: /home/add/Projects/ROS2/test3/install/cpp_pubsub/share/cpp_pubsub/environment/ament_prefix_path.sh
[7.180s] -- Installing: /home/add/Projects/ROS2/test3/install/cpp_pubsub/share/cpp_pubsub/environment/ament_prefix_path.dsv
[7.180s] -- Up-to-date: /home/add/Projects/ROS2/test3/install/cpp_pubsub/share/cpp_pubsub/environment/path.sh
[7.180s] -- Installing: /home/add/Projects/ROS2/test3/install/cpp_pubsub/share/cpp_pubsub/environment/path.dsv
[7.180s] -- Up-to-date: /home/add/Projects/ROS2/test3/install/cpp_pubsub/share/cpp_pubsub/local_setup.bash
[7.180s] -- Up-to-date: /home/add/Projects/ROS2/test3/install/cpp_pubsub/share/cpp_pubsub/local_setup.sh
[7.180s] -- Up-to-date: /home/add/Projects/ROS2/test3/install/cpp_pubsub/share/cpp_pubsub/local_setup.zsh
[7.180s] -- Installing: /home/add/Projects/ROS2/test3/install/cpp_pubsub/share/cpp_pubsub/local_setup.dsv
[7.181s] -- Installing: /home/add/Projects/ROS2/test3/install/cpp_pubsub/share/cpp_pubsub/package.dsv
[7.181s] -- Up-to-date: /home/add/Projects/ROS2/test3/install/cpp_pubsub/share/ament_index/resource_index/packages/cpp_pubsub
[7.181s] -- Up-to-date: /home/add/Projects/ROS2/test3/install/cpp_pubsub/share/cpp_pubsub/cmake/cpp_pubsubConfig.cmake
[7.181s] -- Up-to-date: /home/add/Projects/ROS2/test3/install/cpp_pubsub/share/cpp_pubsub/cmake/cpp_pubsubConfig-version.cmake
[7.181s] -- Installing: /home/add/Projects/ROS2/test3/install/cpp_pubsub/share/cpp_pubsub/package.xml
[7.182s] Invoked command in '/home/add/Projects/ROS2/test3/build/cpp_pubsub' returned '0': CMAKE_PREFIX_PATH=${CMAKE_PREFIX_PATH}:/opt/ros/foxy /usr/bin/cmake --install /home/add/Projects/ROS2/test3/build/cpp_pubsub
