[0.009s] Invoking command in '/home/add/Projects/ROS2/test3/src/cpp_srvcli/build/cpp_srvcli': CMAKE_PREFIX_PATH=/opt/ros/foxy /usr/bin/cmake --build /home/add/Projects/ROS2/test3/src/cpp_srvcli/build/cpp_srvcli -- -j20 -l20
[0.035s] [35m[1mScanning dependencies of target server[0m
[0.035s] [35m[1mScanning dependencies of target client[0m
[0.050s] [ 25%] [32mBuilding CXX object CMakeFiles/client.dir/src/add_two_ints_client.cpp.o[0m
[0.055s] [ 50%] [32mBuilding CXX object CMakeFiles/server.dir/src/add_two_ints_server.cpp.o[0m
[1.468s] [ 75%] [32m[1mLinking CXX executable server[0m
[1.620s] [ 75%] Built target server
[1.683s] [100%] [32m[1mLinking CXX executable client[0m
[1.833s] [100%] Built target client
[1.839s] Invoked command in '/home/add/Projects/ROS2/test3/src/cpp_srvcli/build/cpp_srvcli' returned '0': CMAKE_PREFIX_PATH=/opt/ros/foxy /usr/bin/cmake --build /home/add/Projects/ROS2/test3/src/cpp_srvcli/build/cpp_srvcli -- -j20 -l20
[1.863s] Invoking command in '/home/add/Projects/ROS2/test3/src/cpp_srvcli/build/cpp_srvcli': CMAKE_PREFIX_PATH=/opt/ros/foxy /usr/bin/cmake --install /home/add/Projects/ROS2/test3/src/cpp_srvcli/build/cpp_srvcli
[1.867s] -- Install configuration: ""
[1.868s] -- Installing: /home/add/Projects/ROS2/test3/src/cpp_srvcli/install/cpp_srvcli/lib/cpp_srvcli/server
[1.868s] -- Set runtime path of "/home/add/Projects/ROS2/test3/src/cpp_srvcli/install/cpp_srvcli/lib/cpp_srvcli/server" to ""
[1.868s] -- Installing: /home/add/Projects/ROS2/test3/src/cpp_srvcli/install/cpp_srvcli/lib/cpp_srvcli/client
[1.868s] -- Set runtime path of "/home/add/Projects/ROS2/test3/src/cpp_srvcli/install/cpp_srvcli/lib/cpp_srvcli/client" to ""
[1.869s] -- Installing: /home/add/Projects/ROS2/test3/src/cpp_srvcli/install/cpp_srvcli/share/ament_index/resource_index/package_run_dependencies/cpp_srvcli
[1.869s] -- Installing: /home/add/Projects/ROS2/test3/src/cpp_srvcli/install/cpp_srvcli/share/ament_index/resource_index/parent_prefix_path/cpp_srvcli
[1.869s] -- Installing: /home/add/Projects/ROS2/test3/src/cpp_srvcli/install/cpp_srvcli/share/cpp_srvcli/environment/ament_prefix_path.sh
[1.869s] -- Installing: /home/add/Projects/ROS2/test3/src/cpp_srvcli/install/cpp_srvcli/share/cpp_srvcli/environment/ament_prefix_path.dsv
[1.869s] -- Installing: /home/add/Projects/ROS2/test3/src/cpp_srvcli/install/cpp_srvcli/share/cpp_srvcli/environment/path.sh
[1.869s] -- Installing: /home/add/Projects/ROS2/test3/src/cpp_srvcli/install/cpp_srvcli/share/cpp_srvcli/environment/path.dsv
[1.870s] -- Installing: /home/add/Projects/ROS2/test3/src/cpp_srvcli/install/cpp_srvcli/share/cpp_srvcli/local_setup.bash
[1.870s] -- Installing: /home/add/Projects/ROS2/test3/src/cpp_srvcli/install/cpp_srvcli/share/cpp_srvcli/local_setup.sh
[1.870s] -- Installing: /home/add/Projects/ROS2/test3/src/cpp_srvcli/install/cpp_srvcli/share/cpp_srvcli/local_setup.zsh
[1.870s] -- Installing: /home/add/Projects/ROS2/test3/src/cpp_srvcli/install/cpp_srvcli/share/cpp_srvcli/local_setup.dsv
[1.870s] -- Up-to-date: /home/add/Projects/ROS2/test3/src/cpp_srvcli/install/cpp_srvcli/share/cpp_srvcli/package.dsv
[1.870s] -- Installing: /home/add/Projects/ROS2/test3/src/cpp_srvcli/install/cpp_srvcli/share/ament_index/resource_index/packages/cpp_srvcli
[1.870s] -- Installing: /home/add/Projects/ROS2/test3/src/cpp_srvcli/install/cpp_srvcli/share/cpp_srvcli/cmake/cpp_srvcliConfig.cmake
[1.870s] -- Installing: /home/add/Projects/ROS2/test3/src/cpp_srvcli/install/cpp_srvcli/share/cpp_srvcli/cmake/cpp_srvcliConfig-version.cmake
[1.870s] -- Installing: /home/add/Projects/ROS2/test3/src/cpp_srvcli/install/cpp_srvcli/share/cpp_srvcli/package.xml
[1.871s] Invoked command in '/home/add/Projects/ROS2/test3/src/cpp_srvcli/build/cpp_srvcli' returned '0': CMAKE_PREFIX_PATH=/opt/ros/foxy /usr/bin/cmake --install /home/add/Projects/ROS2/test3/src/cpp_srvcli/build/cpp_srvcli
